TN:
SF:src/middleware.ts
FN:41,(anonymous_0)
FN:42,(anonymous_1)
FN:44,middleware
FNF:3
FNH:0
FNDA:0,(anonymous_0)
FNDA:0,(anonymous_1)
FNDA:0,middleware
DA:39,0
DA:41,0
DA:42,0
DA:45,0
DA:47,0
DA:48,0
DA:50,0
DA:54,0
DA:55,0
DA:56,0
DA:57,0
DA:60,0
DA:61,0
DA:67,0
DA:73,0
DA:74,0
DA:77,0
DA:80,0
LF:18
LH:0
BRDA:42,0,0,0
BRDA:42,0,1,0
BRDA:50,1,0,0
BRDA:50,1,1,0
BRDA:50,2,0,0
BRDA:50,2,1,0
BRDA:50,2,2,0
BRDA:54,3,0,0
BRDA:54,3,1,0
BRDA:60,4,0,0
BRDA:60,4,1,0
BRDA:73,5,0,0
BRDA:73,5,1,0
BRF:13
BRH:0
end_of_record
TN:
SF:src/app/error.tsx
FN:7,Error
FN:14,(anonymous_1)
FN:53,(anonymous_2)
FNF:3
FNH:0
FNDA:0,Error
FNDA:0,(anonymous_1)
FNDA:0,(anonymous_2)
DA:14,0
DA:16,0
DA:19,0
DA:53,0
LF:4
LH:0
BRDA:33,0,0,0
BRDA:33,0,1,0
BRDA:36,1,0,0
BRDA:36,1,1,0
BRF:4
BRH:0
end_of_record
TN:
SF:src/app/global-error.tsx
FN:5,GlobalError
FN:12,(anonymous_1)
FN:71,(anonymous_2)
FNF:3
FNH:0
FNDA:0,GlobalError
FNDA:0,(anonymous_1)
FNDA:0,(anonymous_2)
DA:12,0
DA:13,0
DA:16,0
DA:71,0
LF:4
LH:0
BRDA:41,0,0,0
BRDA:41,0,1,0
BRF:2
BRH:0
end_of_record
TN:
SF:src/app/layout.tsx
FN:10,RootLayout
FNF:1
FNH:0
FNDA:0,RootLayout
DA:5,0
DA:15,0
LF:2
LH:0
BRF:0
BRH:0
end_of_record
TN:
SF:src/app/not-found.tsx
FN:34,NotFound
FNF:1
FNH:0
FNDA:0,NotFound
DA:29,0
DA:35,0
LF:2
LH:0
BRF:0
BRH:0
end_of_record
TN:
SF:src/app/page.tsx
FN:24,HomePage
FNF:1
FNH:0
FNDA:0,HomePage
DA:25,0
LF:1
LH:0
BRF:0
BRH:0
end_of_record
TN:
SF:src/app/(auth)/layout.tsx
FN:3,AuthLayout
FNF:1
FNH:0
FNDA:0,AuthLayout
DA:4,0
LF:1
LH:0
BRF:0
BRH:0
end_of_record
TN:
SF:src/app/(auth)/callback/route.ts
FNF:0
FNH:0
LF:0
LH:0
BRF:0
BRH:0
end_of_record
TN:
SF:src/app/(auth)/confirm/page.tsx
FN:24,ConfirmContent
FN:29,(anonymous_1)
FN:30,(anonymous_2)
FN:84,(anonymous_3)
FN:134,AuthConfirmPage
FNF:5
FNH:0
FNDA:0,ConfirmContent
FNDA:0,(anonymous_1)
FNDA:0,(anonymous_2)
FNDA:0,(anonymous_3)
FNDA:0,AuthConfirmPage
DA:25,0
DA:26,0
DA:27,0
DA:29,0
DA:30,0
DA:31,0
DA:32,0
DA:33,0
DA:40,0
DA:42,0
DA:43,0
DA:46,0
DA:49,0
DA:54,0
DA:55,0
DA:56,0
DA:60,0
DA:62,0
DA:63,0
DA:66,0
DA:68,0
DA:71,0
DA:74,0
DA:77,0
DA:81,0
DA:84,0
DA:85,0
DA:86,0
DA:91,0
DA:94,0
DA:95,0
DA:117,0
DA:135,0
LF:33
LH:0
BRDA:40,0,0,0
BRDA:40,0,1,0
BRDA:42,1,0,0
BRDA:42,1,1,0
BRDA:42,2,0,0
BRDA:42,2,1,0
BRDA:54,3,0,0
BRDA:54,3,1,0
BRDA:62,4,0,0
BRDA:62,4,1,0
BRDA:66,5,0,0
BRDA:66,5,1,0
BRDA:77,6,0,0
BRDA:77,6,1,0
BRDA:85,7,0,0
BRDA:85,7,1,0
BRDA:94,8,0,0
BRDA:94,8,1,0
BRF:18
BRH:0
end_of_record
TN:
SF:src/app/(auth)/error/page.tsx
FN:20,ErrorContent
FN:24,(anonymous_1)
FN:109,AuthErrorPage
FNF:3
FNH:0
FNDA:0,ErrorContent
FNDA:0,(anonymous_1)
FNDA:0,AuthErrorPage
DA:21,0
DA:22,0
DA:24,0
DA:25,0
DA:27,0
DA:37,0
DA:47,0
DA:57,0
DA:68,0
DA:70,0
DA:110,0
LF:11
LH:0
BRDA:25,0,0,0
BRDA:25,0,1,0
BRDA:25,0,2,0
BRDA:25,0,3,0
BRDA:84,1,0,0
BRDA:84,1,1,0
BRF:6
BRH:0
end_of_record
TN:
SF:src/app/(auth)/reset-password/page.tsx
FN:15,ResetPasswordForm
FN:26,(anonymous_1)
FN:36,handleSubmit
FN:78,(anonymous_3)
FN:176,(anonymous_4)
FN:193,(anonymous_5)
FN:226,ResetPasswordPage
FNF:7
FNH:0
FNDA:0,ResetPasswordForm
FNDA:0,(anonymous_1)
FNDA:0,handleSubmit
FNDA:0,(anonymous_3)
FNDA:0,(anonymous_4)
FNDA:0,(anonymous_5)
FNDA:0,ResetPasswordPage
DA:16,0
DA:17,0
DA:18,0
DA:19,0
DA:20,0
DA:21,0
DA:22,0
DA:23,0
DA:26,0
DA:27,0
DA:29,0
DA:30,0
DA:32,0
DA:37,0
DA:38,0
DA:41,0
DA:42,0
DA:47,0
DA:48,0
DA:51,0
DA:52,0
DA:57,0
DA:58,0
DA:61,0
DA:63,0
DA:64,0
DA:69,0
DA:71,0
DA:72,0
DA:78,0
DA:79,0
DA:85,0
DA:86,0
DA:99,0
DA:100,0
DA:130,0
DA:131,0
DA:156,0
DA:176,0
DA:193,0
DA:227,0
LF:41
LH:0
BRDA:27,0,0,0
BRDA:27,0,1,0
BRDA:29,1,0,0
BRDA:29,1,1,0
BRDA:41,2,0,0
BRDA:41,2,1,0
BRDA:51,3,0,0
BRDA:51,3,1,0
BRDA:63,4,0,0
BRDA:63,4,1,0
BRDA:85,5,0,0
BRDA:85,5,1,0
BRDA:99,6,0,0
BRDA:99,6,1,0
BRDA:130,7,0,0
BRDA:130,7,1,0
BRDA:197,8,0,0
BRDA:197,8,1,0
BRDA:197,8,2,0
BRDA:197,8,3,0
BRDA:204,9,0,0
BRDA:204,9,1,0
BRF:22
BRH:0
end_of_record
TN:
SF:src/app/(auth)/verify-email/page.tsx
FN:14,VerifyEmailContent
FN:25,handleResendEmail
FN:77,handleVerifyCode
FN:161,(anonymous_3)
FN:193,(anonymous_4)
FN:208,(anonymous_5)
FN:242,VerifyEmailPage
FNF:7
FNH:0
FNDA:0,VerifyEmailContent
FNDA:0,handleResendEmail
FNDA:0,handleVerifyCode
FNDA:0,(anonymous_3)
FNDA:0,(anonymous_4)
FNDA:0,(anonymous_5)
FNDA:0,VerifyEmailPage
DA:15,0
DA:16,0
DA:17,0
DA:18,0
DA:19,0
DA:20,0
DA:21,0
DA:22,0
DA:23,0
DA:26,0
DA:27,0
DA:32,0
DA:36,0
DA:37,0
DA:38,0
DA:39,0
DA:44,0
DA:47,0
DA:49,0
DA:50,0
DA:51,0
DA:59,0
DA:61,0
DA:62,0
DA:67,0
DA:73,0
DA:78,0
DA:80,0
DA:81,0
DA:86,0
DA:89,0
DA:90,0
DA:95,0
DA:98,0
DA:100,0
DA:101,0
DA:102,0
DA:108,0
DA:110,0
DA:114,0
DA:116,0
DA:122,0
DA:126,0
DA:161,0
DA:193,0
DA:208,0
DA:243,0
LF:47
LH:0
BRDA:20,0,0,0
BRDA:20,0,1,0
BRDA:26,1,0,0
BRDA:26,1,1,0
BRDA:37,2,0,0
BRDA:37,2,1,0
BRDA:59,3,0,0
BRDA:59,3,1,0
BRDA:80,4,0,0
BRDA:80,4,1,0
BRDA:89,5,0,0
BRDA:89,5,1,0
BRDA:108,6,0,0
BRDA:108,6,1,0
BRDA:119,7,0,0
BRDA:119,7,1,0
BRDA:154,8,0,0
BRDA:154,8,1,0
BRDA:172,9,0,0
BRDA:172,9,1,0
BRDA:191,10,0,0
BRDA:191,10,1,0
BRDA:215,11,0,0
BRDA:215,11,1,0
BRF:24
BRH:0
end_of_record
TN:
SF:src/app/(legal)/layout.tsx
FN:14,LegalLayout
FNF:1
FNH:0
FNDA:0,LegalLayout
DA:15,0
LF:1
LH:0
BRF:0
BRH:0
end_of_record
TN:
SF:src/app/(legal)/contact/page.tsx
FN:43,ContactPage
FN:54,(anonymous_1)
FNF:2
FNH:0
FNDA:0,ContactPage
FNDA:0,(anonymous_1)
DA:14,0
DA:20,0
DA:44,0
DA:46,0
DA:55,0
LF:5
LH:0
BRDA:61,0,0,0
BRDA:61,0,1,0
BRDA:79,1,0,0
BRDA:79,1,1,0
BRDA:84,2,0,0
BRDA:84,2,1,0
BRDA:85,3,0,0
BRDA:85,3,1,0
BRDA:86,4,0,0
BRDA:86,4,1,0
BRF:10
BRH:0
end_of_record
TN:
SF:src/app/(legal)/politica-confidentialitate/page.tsx
FN:22,PoliticaConfidentialitatePage
FNF:1
FNH:0
FNDA:0,PoliticaConfidentialitatePage
DA:16,0
DA:23,0
DA:25,0
LF:3
LH:0
BRDA:34,0,0,0
BRDA:34,0,1,0
BRDA:37,1,0,0
BRDA:37,1,1,0
BRDA:38,2,0,0
BRDA:38,2,1,0
BRDA:39,3,0,0
BRDA:39,3,1,0
BRF:8
BRH:0
end_of_record
TN:
SF:src/app/(legal)/termeni-si-conditii/page.tsx
FN:28,TermeniPage
FNF:1
FNH:0
FNDA:0,TermeniPage
DA:22,0
DA:29,0
DA:31,0
LF:3
LH:0
BRDA:42,0,0,0
BRDA:42,0,1,0
BRDA:45,1,0,0
BRDA:45,1,1,0
BRDA:46,2,0,0
BRDA:46,2,1,0
BRF:6
BRH:0
end_of_record
TN:
SF:src/app/a/page.tsx
FN:19,CancelContent
FN:25,(anonymous_1)
FN:96,CancelPage
FNF:3
FNH:0
FNDA:0,CancelContent
FNDA:0,(anonymous_1)
FNDA:0,CancelPage
DA:20,0
DA:21,0
DA:22,0
DA:23,0
DA:25,0
DA:26,0
DA:27,0
DA:29,0
DA:30,0
DA:35,0
DA:37,0
DA:38,0
DA:39,0
DA:42,0
DA:44,0
DA:46,0
DA:50,0
DA:51,0
DA:54,0
DA:55,0
DA:77,0
DA:97,0
LF:22
LH:0
BRDA:37,0,0,0
BRDA:37,0,1,0
BRDA:38,1,0,0
BRDA:38,1,1,0
BRDA:50,2,0,0
BRDA:50,2,1,0
BRDA:54,3,0,0
BRDA:54,3,1,0
BRDA:64,4,0,0
BRDA:64,4,1,0
BRDA:87,5,0,0
BRDA:87,5,1,0
BRDA:90,6,0,0
BRDA:90,6,1,0
BRF:14
BRH:0
end_of_record
TN:
SF:src/app/admin/layout.tsx
FN:19,AdminLayout
FNF:1
FNH:0
FNDA:0,AdminLayout
DA:25,0
DA:27,0
DA:29,0
LF:3
LH:0
BRF:0
BRH:0
end_of_record
TN:
SF:src/app/admin/page.tsx
FN:12,AdminPage
FN:171,(anonymous_1)
FN:212,(anonymous_2)
FNF:3
FNH:0
FNDA:0,AdminPage
FNDA:0,(anonymous_1)
FNDA:0,(anonymous_2)
DA:7,0
DA:13,0
DA:17,0
DA:19,0
DA:20,0
DA:24,0
DA:30,0
DA:31,0
DA:35,0
DA:39,0
DA:43,0
DA:48,0
DA:52,0
DA:59,0
DA:67,0
DA:73,0
DA:172,0
DA:213,0
LF:18
LH:0
BRDA:19,0,0,0
BRDA:19,0,1,0
BRDA:30,1,0,0
BRDA:30,1,1,0
BRDA:30,2,0,0
BRDA:30,2,1,0
BRDA:109,3,0,0
BRDA:109,3,1,0
BRDA:119,4,0,0
BRDA:119,4,1,0
BRDA:121,5,0,0
BRDA:121,5,1,0
BRDA:132,6,0,0
BRDA:132,6,1,0
BRDA:134,7,0,0
BRDA:134,7,1,0
BRDA:146,8,0,0
BRDA:146,8,1,0
BRDA:147,9,0,0
BRDA:147,9,1,0
BRDA:165,10,0,0
BRDA:165,10,1,0
BRDA:165,11,0,0
BRDA:165,11,1,0
BRDA:177,12,0,0
BRDA:177,12,1,0
BRDA:183,13,0,0
BRDA:183,13,1,0
BRDA:185,14,0,0
BRDA:185,14,1,0
BRDA:206,15,0,0
BRDA:206,15,1,0
BRDA:206,16,0,0
BRDA:206,16,1,0
BRDA:220,17,0,0
BRDA:220,17,1,0
BRDA:220,17,2,0
BRDA:229,18,0,0
BRDA:229,18,1,0
BRDA:229,19,0,0
BRDA:229,19,1,0
BRDA:234,20,0,0
BRDA:234,20,1,0
BRDA:234,21,0,0
BRDA:234,21,1,0
BRF:45
BRH:0
end_of_record
TN:
SF:src/app/admin/analytics/page.tsx
FN:18,getAnalyticsData
FN:40,(anonymous_1)
FN:41,(anonymous_2)
FN:42,(anonymous_3)
FN:64,(anonymous_4)
FN:70,(anonymous_5)
FN:86,(anonymous_6)
FN:103,(anonymous_7)
FN:140,AnalyticsPage
FNF:9
FNH:0
FNDA:0,getAnalyticsData
FNDA:0,(anonymous_1)
FNDA:0,(anonymous_2)
FNDA:0,(anonymous_3)
FNDA:0,(anonymous_4)
FNDA:0,(anonymous_5)
FNDA:0,(anonymous_6)
FNDA:0,(anonymous_7)
FNDA:0,AnalyticsPage
DA:10,0
DA:16,0
DA:19,0
DA:20,0
DA:23,0
DA:29,0
DA:35,0
DA:40,0
DA:41,0
DA:42,0
DA:43,0
DA:48,0
DA:54,0
DA:55,0
DA:57,0
DA:64,0
DA:65,0
DA:66,0
DA:67,0
DA:70,0
DA:76,0
DA:86,0
DA:87,0
DA:88,0
DA:92,0
DA:93,0
DA:99,0
DA:100,0
DA:103,0
DA:105,0
DA:121,0
DA:122,0
DA:141,0
DA:143,0
LF:34
LH:0
BRDA:40,0,0,0
BRDA:40,0,1,0
BRDA:41,1,0,0
BRDA:41,1,1,0
BRDA:42,2,0,0
BRDA:42,2,1,0
BRDA:43,3,0,0
BRDA:43,3,1,0
BRDA:64,4,0,0
BRDA:64,4,1,0
BRDA:66,5,0,0
BRDA:66,5,1,0
BRDA:86,6,0,0
BRDA:86,6,1,0
BRDA:88,7,0,0
BRDA:88,7,1,0
BRDA:90,8,0,0
BRDA:90,8,1,0
BRDA:92,9,0,0
BRDA:92,9,1,0
BRDA:107,10,0,0
BRDA:107,10,1,0
BRDA:108,11,0,0
BRDA:108,11,1,0
BRDA:110,12,0,0
BRDA:110,12,1,0
BRDA:189,13,0,0
BRDA:189,13,1,0
BRF:28
BRH:0
end_of_record
TN:
SF:src/app/admin/notifications/page.tsx
FN:21,AdminNotificationsPage
FN:94,(anonymous_1)
FNF:2
FNH:0
FNDA:0,AdminNotificationsPage
FNDA:0,(anonymous_1)
DA:8,0
DA:22,0
DA:26,0
DA:28,0
DA:29,0
DA:33,0
DA:39,0
DA:40,0
DA:44,0
DA:45,0
DA:46,0
DA:47,0
DA:50,0
DA:57,0
DA:58,0
DA:60,0
DA:61,0
DA:64,0
DA:67,0
DA:71,0
DA:76,0
DA:81,0
DA:87,0
DA:88,0
DA:89,0
DA:94,0
DA:96,0
DA:98,0
LF:28
LH:0
BRDA:28,0,0,0
BRDA:28,0,1,0
BRDA:39,1,0,0
BRDA:39,1,1,0
BRDA:39,2,0,0
BRDA:39,2,1,0
BRDA:44,3,0,0
BRDA:44,3,1,0
BRDA:57,4,0,0
BRDA:57,4,1,0
BRDA:57,5,0,0
BRDA:57,5,1,0
BRDA:60,6,0,0
BRDA:60,6,1,0
BRDA:60,7,0,0
BRDA:60,7,1,0
BRDA:94,8,0,0
BRDA:94,8,1,0
BRDA:94,9,0,0
BRDA:94,9,1,0
BRDA:96,10,0,0
BRDA:96,10,1,0
BRDA:130,11,0,0
BRDA:130,11,1,0
BRDA:141,12,0,0
BRDA:141,12,1,0
BRDA:141,13,0,0
BRDA:141,13,1,0
BRDA:152,14,0,0
BRDA:152,14,1,0
BRDA:171,15,0,0
BRDA:171,15,1,0
BRDA:175,16,0,0
BRDA:175,16,1,0
BRDA:176,17,0,0
BRDA:176,17,1,0
BRF:36
BRH:0
end_of_record
TN:
SF:src/app/admin/reminders/page.tsx
FN:13,RemindersData
FN:38,(anonymous_1)
FN:62,RemindersPage
FNF:3
FNH:0
FNDA:0,RemindersData
FNDA:0,(anonymous_1)
FNDA:0,RemindersPage
DA:8,0
DA:14,0
DA:17,0
DA:24,0
DA:25,0
DA:26,0
DA:27,0
DA:30,0
DA:32,0
DA:33,0
DA:34,0
DA:38,0
DA:59,0
DA:67,0
DA:69,0
LF:15
LH:0
BRDA:24,0,0,0
BRDA:24,0,1,0
BRDA:26,1,0,0
BRDA:26,1,1,0
BRDA:32,2,0,0
BRDA:32,2,1,0
BRDA:38,3,0,0
BRDA:38,3,1,0
BRDA:50,4,0,0
BRDA:50,4,1,0
BRDA:51,5,0,0
BRDA:51,5,1,0
BRDA:52,6,0,0
BRDA:52,6,1,0
BRDA:54,7,0,0
BRDA:54,7,1,0
BRDA:67,8,0,0
BRDA:67,8,1,0
BRF:18
BRH:0
end_of_record
TN:
SF:src/app/admin/settings/page.tsx
FN:9,SettingsPage
FNF:1
FNH:0
FNDA:0,SettingsPage
DA:4,0
DA:10,0
LF:2
LH:0
BRF:0
BRH:0
end_of_record
TN:
SF:src/app/admin/stations/page.tsx
FN:14,StationsData
FN:40,(anonymous_1)
FN:48,StationsPage
FNF:3
FNH:0
FNDA:0,StationsData
FNDA:0,(anonymous_1)
FNDA:0,StationsPage
DA:9,0
DA:15,0
DA:18,0
DA:34,0
DA:35,0
DA:36,0
DA:40,0
DA:45,0
DA:49,0
LF:9
LH:0
BRDA:34,0,0,0
BRDA:34,0,1,0
BRDA:42,1,0,0
BRDA:42,1,1,0
BRF:4
BRH:0
end_of_record
TN:
SF:src/app/admin/stations/[id]/page.tsx
FN:15,getStation
FN:31,EditStationPage
FNF:2
FNH:0
FNDA:0,getStation
FNDA:0,EditStationPage
DA:10,0
DA:16,0
DA:18,0
DA:24,0
DA:25,0
DA:28,0
DA:36,0
DA:38,0
DA:39,0
DA:42,0
LF:10
LH:0
BRDA:24,0,0,0
BRDA:24,0,1,0
BRDA:24,1,0,0
BRDA:24,1,1,0
BRDA:38,2,0,0
BRDA:38,2,1,0
BRF:6
BRH:0
end_of_record
TN:
SF:src/app/admin/stations/new/page.tsx
FN:11,NewStationPage
FNF:1
FNH:0
FNDA:0,NewStationPage
DA:6,0
DA:12,0
LF:2
LH:0
BRF:0
BRH:0
end_of_record
TN:
SF:src/app/admin/users/page.tsx
FN:13,AdminUsersPage
FN:43,(anonymous_1)
FNF:2
FNH:0
FNDA:0,AdminUsersPage
FNDA:0,(anonymous_1)
DA:8,0
DA:14,0
DA:18,0
DA:20,0
DA:21,0
DA:25,0
DA:31,0
DA:32,0
DA:36,0
DA:42,0
DA:44,0
DA:50,0
DA:57,0
LF:13
LH:0
BRDA:20,0,0,0
BRDA:20,0,1,0
BRDA:31,1,0,0
BRDA:31,1,1,0
BRDA:31,2,0,0
BRDA:31,2,1,0
BRDA:43,3,0,0
BRDA:43,3,1,0
BRDA:52,4,0,0
BRDA:52,4,1,0
BRF:10
BRH:0
end_of_record
TN:
SF:src/app/api/types.ts
FN:129,computeReminderStatus
FNF:1
FNH:0
FNDA:0,computeReminderStatus
DA:130,0
DA:131,0
DA:132,0
DA:134,0
DA:135,0
DA:136,0
DA:137,0
DA:141,0
DA:147,0
LF:9
LH:0
BRDA:134,0,0,0
BRDA:134,0,1,0
BRDA:135,1,0,0
BRDA:135,1,1,0
BRDA:136,2,0,0
BRDA:136,2,1,0
BRF:6
BRH:0
end_of_record
TN:
SF:src/app/api/account/delete/route.ts
FN:28,DELETE
FN:70,(anonymous_1)
FNF:2
FNH:0
FNDA:0,DELETE
FNDA:0,(anonymous_1)
DA:9,0
DA:29,0
DA:30,0
DA:31,0
DA:34,0
DA:35,0
DA:37,0
DA:38,0
DA:47,0
DA:52,0
DA:57,0
DA:58,0
DA:65,0
DA:70,0
DA:77,0
DA:78,0
DA:83,0
DA:84,0
DA:85,0
DA:90,0
DA:95,0
DA:96,0
DA:97,0
DA:101,0
DA:106,0
DA:107,0
DA:108,0
DA:113,0
DA:117,0
DA:118,0
DA:119,0
DA:123,0
DA:131,0
DA:132,0
LF:34
LH:0
BRDA:37,0,0,0
BRDA:37,0,1,0
BRDA:57,1,0,0
BRDA:57,1,1,0
BRDA:70,2,0,0
BRDA:70,2,1,0
BRDA:77,3,0,0
BRDA:77,3,1,0
BRDA:83,4,0,0
BRDA:83,4,1,0
BRDA:95,5,0,0
BRDA:95,5,1,0
BRDA:106,6,0,0
BRDA:106,6,1,0
BRDA:117,7,0,0
BRDA:117,7,1,0
BRF:16
BRH:0
end_of_record
TN:
SF:src/app/api/account/export/route.ts
FN:19,GET
FNF:1
FNH:0
FNDA:0,GET
DA:7,0
DA:20,0
DA:21,0
DA:22,0
DA:25,0
DA:31,0
DA:34,0
DA:40,0
DA:43,0
DA:56,0
DA:59,0
DA:81,0
DA:89,0
LF:13
LH:0
BRDA:31,0,0,0
BRDA:31,0,1,0
BRDA:40,1,0,0
BRDA:40,1,1,0
BRDA:56,2,0,0
BRDA:56,2,1,0
BRDA:68,3,0,0
BRDA:68,3,1,0
BRDA:69,4,0,0
BRDA:69,4,1,0
BRDA:71,5,0,0
BRDA:71,5,1,0
BRDA:72,6,0,0
BRDA:72,6,1,0
BRF:14
BRH:0
end_of_record
TN:
SF:src/app/api/account/stats/route.ts
FN:23,GET
FN:54,(anonymous_1)
FNF:2
FNH:0
FNDA:0,GET
FNDA:0,(anonymous_1)
DA:10,0
DA:24,0
DA:25,0
DA:26,0
DA:29,0
DA:34,0
DA:37,0
DA:43,0
DA:47,0
DA:52,0
DA:54,0
DA:58,0
DA:63,0
DA:66,0
DA:72,0
DA:75,0
DA:80,0
DA:90,0
DA:92,0
LF:19
LH:0
BRDA:34,0,0,0
BRDA:34,0,1,0
BRDA:43,1,0,0
BRDA:43,1,1,0
BRDA:52,2,0,0
BRDA:52,2,1,0
BRDA:54,3,0,0
BRDA:54,3,1,0
BRDA:63,4,0,0
BRDA:63,4,1,0
BRDA:72,5,0,0
BRDA:72,5,1,0
BRDA:81,6,0,0
BRDA:81,6,1,0
BRDA:82,7,0,0
BRDA:82,7,1,0
BRDA:83,8,0,0
BRDA:83,8,1,0
BRF:18
BRH:0
end_of_record
TN:
SF:src/app/api/admin/stations/[id]/keys/route.ts
FN:16,GET
FN:34,POST
FN:38,(anonymous_2)
FNF:3
FNH:0
FNDA:0,GET
FNDA:0,POST
FNDA:0,(anonymous_2)
DA:14,0
DA:17,0
DA:18,0
DA:20,0
DA:26,0
DA:28,0
DA:30,0
DA:35,0
DA:36,0
DA:38,0
DA:39,0
DA:41,0
DA:42,0
DA:46,0
DA:51,0
DA:52,0
DA:53,0
DA:56,0
DA:69,0
DA:71,0
DA:83,0
DA:84,0
DA:86,0
LF:23
LH:0
BRDA:26,0,0,0
BRDA:26,0,1,0
BRDA:28,1,0,0
BRDA:28,1,1,0
BRDA:39,2,0,0
BRDA:39,2,1,0
BRDA:39,3,0,0
BRDA:39,3,1,0
BRDA:51,4,0,0
BRDA:51,4,1,0
BRDA:51,5,0,0
BRDA:51,5,1,0
BRDA:69,6,0,0
BRDA:69,6,1,0
BRF:14
BRH:0
end_of_record
TN:
SF:src/app/api/admin/stations/[id]/keys/[keyId]/route.ts
FN:14,DELETE
FNF:1
FNH:0
FNDA:0,DELETE
DA:12,0
DA:18,0
DA:19,0
DA:21,0
DA:30,0
DA:32,0
DA:33,0
DA:40,0
DA:42,0
LF:9
LH:0
BRDA:30,0,0,0
BRDA:30,0,1,0
BRDA:32,1,0,0
BRDA:32,1,1,0
BRF:4
BRH:0
end_of_record
TN:
SF:src/app/api/admin/stations/[id]/members/route.ts
FN:29,GET
FN:47,POST
FN:51,(anonymous_2)
FN:121,DELETE
FNF:4
FNH:0
FNDA:0,GET
FNDA:0,POST
FNDA:0,(anonymous_2)
FNDA:0,DELETE
DA:22,0
DA:24,0
DA:30,0
DA:31,0
DA:33,0
DA:39,0
DA:41,0
DA:43,0
DA:48,0
DA:49,0
DA:51,0
DA:52,0
DA:53,0
DA:56,0
DA:57,0
DA:59,0
DA:63,0
DA:64,0
DA:65,0
DA:68,0
DA:69,0
DA:76,0
DA:88,0
DA:89,0
DA:90,0
DA:97,0
DA:103,0
DA:104,0
DA:110,0
DA:112,0
DA:117,0
DA:122,0
DA:123,0
DA:125,0
DA:126,0
DA:127,0
DA:130,0
DA:138,0
DA:139,0
DA:140,0
DA:143,0
DA:144,0
DA:147,0
DA:149,0
LF:44
LH:0
BRDA:39,0,0,0
BRDA:39,0,1,0
BRDA:41,1,0,0
BRDA:41,1,1,0
BRDA:52,2,0,0
BRDA:52,2,1,0
BRDA:63,3,0,0
BRDA:63,3,1,0
BRDA:68,4,0,0
BRDA:68,4,1,0
BRDA:88,5,0,0
BRDA:88,5,1,0
BRDA:103,6,0,0
BRDA:103,6,1,0
BRDA:103,7,0,0
BRDA:103,7,1,0
BRDA:106,8,0,0
BRDA:106,8,1,0
BRDA:126,9,0,0
BRDA:126,9,1,0
BRDA:138,10,0,0
BRDA:138,10,1,0
BRDA:143,11,0,0
BRDA:143,11,1,0
BRF:24
BRH:0
end_of_record
TN:
SF:src/app/api/admin/users/[id]/route.ts
FN:8,PUT
FN:90,DELETE
FNF:2
FNH:0
FNDA:0,PUT
FNDA:0,DELETE
DA:12,0
DA:13,0
DA:18,0
DA:20,0
DA:21,0
DA:25,0
DA:31,0
DA:32,0
DA:36,0
DA:37,0
DA:40,0
DA:41,0
DA:45,0
DA:46,0
DA:53,0
DA:54,0
DA:55,0
DA:56,0
DA:57,0
DA:58,0
DA:61,0
DA:68,0
DA:69,0
DA:70,0
DA:76,0
DA:78,0
DA:79,0
DA:94,0
DA:95,0
DA:100,0
DA:102,0
DA:103,0
DA:107,0
DA:113,0
DA:114,0
DA:118,0
DA:119,0
DA:126,0
DA:131,0
DA:132,0
DA:133,0
DA:139,0
DA:141,0
DA:142,0
LF:44
LH:0
BRDA:20,0,0,0
BRDA:20,0,1,0
BRDA:31,1,0,0
BRDA:31,1,1,0
BRDA:31,2,0,0
BRDA:31,2,1,0
BRDA:40,3,0,0
BRDA:40,3,1,0
BRDA:40,4,0,0
BRDA:40,4,1,0
BRDA:45,5,0,0
BRDA:45,5,1,0
BRDA:45,6,0,0
BRDA:45,6,1,0
BRDA:45,6,2,0
BRDA:54,7,0,0
BRDA:54,7,1,0
BRDA:55,8,0,0
BRDA:55,8,1,0
BRDA:56,9,0,0
BRDA:56,9,1,0
BRDA:57,10,0,0
BRDA:57,10,1,0
BRDA:58,11,0,0
BRDA:58,11,1,0
BRDA:68,12,0,0
BRDA:68,12,1,0
BRDA:102,13,0,0
BRDA:102,13,1,0
BRDA:113,14,0,0
BRDA:113,14,1,0
BRDA:113,15,0,0
BRDA:113,15,1,0
BRDA:118,16,0,0
BRDA:118,16,1,0
BRDA:131,17,0,0
BRDA:131,17,1,0
BRF:37
BRH:0
end_of_record
TN:
SF:src/app/api/analytics/export/route.ts
FN:20,GET
FN:79,(anonymous_1)
FN:94,(anonymous_2)
FN:96,(anonymous_3)
FNF:4
FNH:0
FNDA:0,GET
FNDA:0,(anonymous_1)
FNDA:0,(anonymous_2)
FNDA:0,(anonymous_3)
DA:18,0
DA:21,0
DA:22,0
DA:26,0
DA:28,0
DA:29,0
DA:32,0
DA:38,0
DA:39,0
DA:42,0
DA:62,0
DA:63,0
DA:64,0
DA:67,0
DA:79,0
DA:94,0
DA:96,0
DA:98,0
DA:106,0
DA:107,0
LF:20
LH:0
BRDA:28,0,0,0
BRDA:28,0,1,0
BRDA:38,1,0,0
BRDA:38,1,1,0
BRDA:62,2,0,0
BRDA:62,2,1,0
BRDA:79,3,0,0
BRDA:79,3,1,0
BRDA:80,4,0,0
BRDA:80,4,1,0
BRDA:81,5,0,0
BRDA:81,5,1,0
BRDA:82,6,0,0
BRDA:82,6,1,0
BRDA:83,7,0,0
BRDA:83,7,1,0
BRDA:84,8,0,0
BRDA:84,8,1,0
BRDA:84,9,0,0
BRDA:84,9,1,0
BRDA:85,10,0,0
BRDA:85,10,1,0
BRDA:87,11,0,0
BRDA:87,11,1,0
BRDA:88,12,0,0
BRDA:88,12,1,0
BRDA:90,13,0,0
BRDA:90,13,1,0
BRDA:94,14,0,0
BRDA:94,14,1,0
BRF:30
BRH:0
end_of_record
TN:
SF:src/app/api/booking/[slug]/route.ts
FN:40,fail
FN:44,loadStation
FN:60,GET
FN:97,POST
FN:117,(anonymous_4)
FN:144,(anonymous_5)
FN:145,(anonymous_6)
FNF:7
FNH:0
FNDA:0,fail
FNDA:0,loadStation
FNDA:0,GET
FNDA:0,POST
FNDA:0,(anonymous_4)
FNDA:0,(anonymous_5)
FNDA:0,(anonymous_6)
DA:26,0
DA:27,0
DA:30,0
DA:32,0
DA:41,0
DA:45,0
DA:51,0
DA:52,0
DA:61,0
DA:62,0
DA:64,0
DA:65,0
DA:70,0
DA:77,0
DA:78,0
DA:79,0
DA:80,0
DA:83,0
DA:98,0
DA:99,0
DA:101,0
DA:106,0
DA:113,0
DA:114,0
DA:117,0
DA:118,0
DA:119,0
DA:122,0
DA:126,0
DA:127,0
DA:128,0
DA:131,0
DA:132,0
DA:137,0
DA:144,0
DA:145,0
DA:148,0
DA:149,0
DA:152,0
DA:163,0
DA:165,0
DA:166,0
DA:167,0
DA:170,0
DA:171,0
DA:176,0
DA:177,0
DA:180,0
DA:190,0
DA:191,0
DA:195,0
DA:200,0
DA:203,0
LF:53
LH:0
BRDA:51,0,0,0
BRDA:51,0,1,0
BRDA:51,1,0,0
BRDA:51,1,1,0
BRDA:51,1,2,0
BRDA:62,2,0,0
BRDA:62,2,1,0
BRDA:64,3,0,0
BRDA:64,3,1,0
BRDA:78,4,0,0
BRDA:78,4,1,0
BRDA:80,5,0,0
BRDA:80,5,1,0
BRDA:99,6,0,0
BRDA:99,6,1,0
BRDA:113,7,0,0
BRDA:113,7,1,0
BRDA:118,8,0,0
BRDA:118,8,1,0
BRDA:119,9,0,0
BRDA:119,9,1,0
BRDA:127,10,0,0
BRDA:127,10,1,0
BRDA:148,11,0,0
BRDA:148,11,1,0
BRDA:158,12,0,0
BRDA:158,12,1,0
BRDA:159,13,0,0
BRDA:159,13,1,0
BRDA:165,14,0,0
BRDA:165,14,1,0
BRDA:165,15,0,0
BRDA:165,15,1,0
BRDA:170,16,0,0
BRDA:170,16,1,0
BRDA:176,17,0,0
BRDA:176,17,1,0
BRF:37
BRH:0
end_of_record
TN:
SF:src/app/api/booking/cancel/route.ts
FN:24,POST
FN:43,(anonymous_1)
FNF:2
FNH:0
FNDA:0,POST
FNDA:0,(anonymous_1)
DA:21,0
DA:22,0
DA:25,0
DA:29,0
DA:36,0
DA:37,0
DA:43,0
DA:44,0
DA:46,0
DA:47,0
DA:53,0
DA:57,0
DA:65,0
DA:66,0
DA:72,0
DA:75,0
LF:16
LH:0
BRDA:36,0,0,0
BRDA:36,0,1,0
BRDA:44,1,0,0
BRDA:44,1,1,0
BRDA:46,2,0,0
BRDA:46,2,1,0
BRDA:65,3,0,0
BRDA:65,3,1,0
BRDA:65,4,0,0
BRDA:65,4,1,0
BRF:10
BRH:0
end_of_record
TN:
SF:src/app/api/cron/heartbeat/route.ts
FN:16,GET
FN:39,POST
FN:48,(anonymous_2)
FNF:3
FNH:0
FNDA:0,GET
FNDA:0,POST
FNDA:0,(anonymous_2)
DA:3,0
DA:5,0
DA:17,0
DA:18,0
DA:24,0
DA:40,0
DA:43,0
DA:44,0
DA:45,0
DA:48,0
DA:51,0
DA:56,0
DA:61,0
LF:13
LH:0
BRDA:28,0,0,0
BRDA:28,0,1,0
BRDA:44,1,0,0
BRDA:44,1,1,0
BRDA:44,2,0,0
BRDA:44,2,1,0
BRDA:65,3,0,0
BRDA:65,3,1,0
BRF:8
BRH:0
end_of_record
TN:
SF:src/app/api/cron/process-reminders/route.ts
FN:40,authorize
FN:61,runCron
FN:143,GET
FN:148,POST
FNF:4
FNH:0
FNDA:0,authorize
FNDA:0,runCron
FNDA:0,GET
FNDA:0,POST
DA:23,0
DA:26,0
DA:38,0
DA:41,0
DA:42,0
DA:43,0
DA:49,0
DA:50,0
DA:51,0
DA:52,0
DA:58,0
DA:62,0
DA:64,0
DA:65,0
DA:67,0
DA:69,0
DA:71,0
DA:75,0
DA:76,0
DA:77,0
DA:78,0
DA:80,0
DA:84,0
DA:85,0
DA:87,0
DA:90,0
DA:92,0
DA:95,0
DA:96,0
DA:97,0
DA:108,0
DA:110,0
DA:115,0
DA:123,0
DA:125,0
DA:127,0
DA:144,0
DA:149,0
LF:38
LH:0
BRDA:41,0,0,0
BRDA:41,0,1,0
BRDA:50,1,0,0
BRDA:50,1,1,0
BRDA:65,2,0,0
BRDA:65,2,1,0
BRDA:130,3,0,0
BRDA:130,3,1,0
BRF:8
BRH:0
end_of_record
TN:
SF:src/app/api/cron/reconcile-gumroad-sales/route.ts
FN:29,GET
FN:62,(anonymous_1)
FN:66,(anonymous_2)
FNF:3
FNH:0
FNDA:0,GET
FNDA:0,(anonymous_1)
FNDA:0,(anonymous_2)
DA:23,0
DA:24,0
DA:25,0
DA:27,0
DA:30,0
DA:32,0
DA:33,0
DA:38,0
DA:39,0
DA:42,0
DA:44,0
DA:47,0
DA:48,0
DA:52,0
DA:53,0
DA:54,0
DA:61,0
DA:62,0
DA:66,0
DA:67,0
DA:68,0
DA:69,0
DA:70,0
DA:73,0
DA:74,0
DA:75,0
DA:76,0
DA:80,0
DA:83,0
DA:84,0
DA:86,0
DA:87,0
DA:97,0
DA:98,0
DA:102,0
DA:103,0
DA:106,0
DA:107,0
DA:108,0
DA:109,0
DA:113,0
DA:115,0
DA:127,0
DA:128,0
DA:131,0
DA:133,0
DA:134,0
LF:47
LH:0
BRDA:32,0,0,0
BRDA:32,0,1,0
BRDA:38,1,0,0
BRDA:38,1,1,0
BRDA:42,2,0,0
BRDA:42,2,1,0
BRDA:53,3,0,0
BRDA:53,3,1,0
BRDA:62,4,0,0
BRDA:62,4,1,0
BRDA:68,5,0,0
BRDA:68,5,1,0
BRDA:68,6,0,0
BRDA:68,6,1,0
BRDA:69,7,0,0
BRDA:69,7,1,0
BRDA:75,8,0,0
BRDA:75,8,1,0
BRDA:80,9,0,0
BRDA:80,9,1,0
BRDA:87,10,0,0
BRDA:87,10,1,0
BRDA:89,11,0,0
BRDA:89,11,1,0
BRDA:89,12,0,0
BRDA:89,12,1,0
BRDA:97,13,0,0
BRDA:97,13,1,0
BRDA:102,14,0,0
BRDA:102,14,1,0
BRDA:106,15,0,0
BRDA:106,15,1,0
BRDA:106,16,0,0
BRDA:106,16,1,0
BRDA:108,17,0,0
BRDA:108,17,1,0
BRDA:127,18,0,0
BRDA:127,18,1,0
BRDA:127,19,0,0
BRDA:127,19,1,0
BRDA:137,20,0,0
BRDA:137,20,1,0
BRF:42
BRH:0
end_of_record
TN:
SF:src/app/api/cron/test-reminders/route.ts
FN:24,GET
FN:153,(anonymous_1)
FN:154,(anonymous_2)
FN:155,(anonymous_3)
FNF:4
FNH:0
FNDA:0,GET
FNDA:0,(anonymous_1)
FNDA:0,(anonymous_2)
FNDA:0,(anonymous_3)
DA:27,0
DA:28,0
DA:31,0
DA:32,0
DA:33,0
DA:40,0
DA:41,0
DA:42,0
DA:48,0
DA:49,0
DA:50,0
DA:51,0
DA:52,0
DA:54,0
DA:57,0
DA:60,0
DA:61,0
DA:65,0
DA:70,0
DA:72,0
DA:75,0
DA:78,0
DA:80,0
DA:81,0
DA:82,0
DA:89,0
DA:90,0
DA:93,0
DA:94,0
DA:105,0
DA:106,0
DA:107,0
DA:109,0
DA:114,0
DA:118,0
DA:136,0
DA:144,0
DA:145,0
DA:150,0
DA:153,0
DA:154,0
DA:155,0
DA:159,0
DA:160,0
DA:163,0
DA:174,0
DA:175,0
LF:47
LH:0
BRDA:31,0,0,0
BRDA:31,0,1,0
BRDA:40,1,0,0
BRDA:40,1,1,0
BRDA:40,2,0,0
BRDA:40,2,1,0
BRDA:57,3,0,0
BRDA:57,3,1,0
BRDA:60,4,0,0
BRDA:60,4,1,0
BRDA:70,5,0,0
BRDA:70,5,1,0
BRDA:80,6,0,0
BRDA:80,6,1,0
BRDA:89,7,0,0
BRDA:89,7,1,0
BRDA:90,8,0,0
BRDA:90,8,1,0
BRDA:93,9,0,0
BRDA:93,9,1,0
BRDA:93,10,0,0
BRDA:93,10,1,0
BRDA:107,11,0,0
BRDA:107,11,1,0
BRDA:114,12,0,0
BRDA:114,12,1,0
BRDA:121,13,0,0
BRDA:121,13,1,0
BRDA:138,14,0,0
BRDA:138,14,1,0
BRDA:139,15,0,0
BRDA:139,15,1,0
BRDA:153,16,0,0
BRDA:153,16,1,0
BRDA:154,17,0,0
BRDA:154,17,1,0
BRDA:155,18,0,0
BRDA:155,18,1,0
BRDA:155,19,0,0
BRDA:155,19,1,0
BRDA:159,20,0,0
BRDA:159,20,1,0
BRDA:165,21,0,0
BRDA:165,21,1,0
BRDA:178,22,0,0
BRDA:178,22,1,0
BRF:46
BRH:0
end_of_record
TN:
SF:src/app/api/health/route.ts
FN:6,GET
FNF:1
FNH:0
FNDA:0,GET
DA:4,0
DA:7,0
DA:9,0
DA:10,0
DA:13,0
DA:19,0
DA:21,0
DA:23,0
DA:37,0
DA:49,0
DA:51,0
LF:11
LH:0
BRDA:21,0,0,0
BRDA:21,0,1,0
BRDA:21,1,0,0
BRDA:21,1,1,0
BRDA:57,2,0,0
BRDA:57,2,1,0
BRF:6
BRH:0
end_of_record
TN:
SF:src/app/api/integrations/reminders/route.ts
FN:54,audit
FN:67,POST
FNF:2
FNH:0
FNDA:0,audit
FNDA:0,POST
DA:33,0
DA:34,0
DA:36,0
DA:55,0
DA:56,0
DA:59,0
DA:60,0
DA:63,0
DA:68,0
DA:69,0
DA:70,0
DA:71,0
DA:73,0
DA:74,0
DA:75,0
DA:76,0
DA:80,0
DA:81,0
DA:82,0
DA:84,0
DA:86,0
DA:87,0
DA:90,0
DA:96,0
DA:97,0
DA:105,0
DA:106,0
DA:107,0
DA:110,0
DA:111,0
DA:119,0
DA:120,0
DA:127,0
DA:128,0
DA:129,0
DA:140,0
DA:143,0
DA:147,0
DA:148,0
DA:149,0
DA:150,0
DA:151,0
DA:165,0
DA:169,0
DA:172,0
DA:179,0
DA:180,0
DA:194,0
DA:197,0
DA:207,0
DA:211,0
DA:222,0
DA:223,0
DA:237,0
DA:245,0
DA:246,0
DA:247,0
DA:253,0
DA:255,0
DA:258,0
DA:267,0
DA:268,0
DA:283,0
DA:289,0
DA:295,0
DA:297,0
DA:298,0
DA:305,0
DA:306,0
DA:316,0
DA:320,0
DA:321,0
DA:324,0
DA:326,0
DA:341,0
DA:343,0
DA:346,0
DA:347,0
DA:356,0
DA:361,0
DA:372,0
LF:81
LH:0
BRDA:59,0,0,0
BRDA:59,0,1,0
BRDA:74,1,0,0
BRDA:74,1,1,0
BRDA:81,2,0,0
BRDA:81,2,1,0
BRDA:96,3,0,0
BRDA:96,3,1,0
BRDA:110,4,0,0
BRDA:110,4,1,0
BRDA:123,5,0,0
BRDA:123,5,1,0
BRDA:128,6,0,0
BRDA:128,6,1,0
BRDA:128,7,0,0
BRDA:128,7,1,0
BRDA:148,8,0,0
BRDA:148,8,1,0
BRDA:148,9,0,0
BRDA:148,9,1,0
BRDA:150,10,0,0
BRDA:150,10,1,0
BRDA:179,11,0,0
BRDA:179,11,1,0
BRDA:207,12,0,0
BRDA:207,12,1,0
BRDA:209,13,0,0
BRDA:209,13,1,0
BRDA:222,14,0,0
BRDA:222,14,1,0
BRDA:253,15,0,0
BRDA:253,15,1,0
BRDA:267,16,0,0
BRDA:267,16,1,0
BRDA:295,17,0,0
BRDA:295,17,1,0
BRDA:297,18,0,0
BRDA:297,18,1,0
BRDA:305,19,0,0
BRDA:305,19,1,0
BRDA:346,20,0,0
BRDA:346,20,1,0
BRDA:346,21,0,0
BRDA:346,21,1,0
BRDA:348,22,0,0
BRDA:348,22,1,0
BRDA:349,23,0,0
BRDA:349,23,1,0
BRDA:352,24,0,0
BRDA:352,24,1,0
BRDA:356,25,0,0
BRDA:356,25,1,0
BRDA:362,26,0,0
BRDA:362,26,1,0
BRDA:363,27,0,0
BRDA:363,27,1,0
BRF:56
BRH:0
end_of_record
TN:
SF:src/app/api/kiosk/[id]/route.ts
FN:14,GET
FNF:1
FNH:0
FNDA:0,GET
DA:18,0
DA:19,0
DA:22,0
DA:28,0
DA:29,0
DA:31,0
DA:34,0
DA:36,0
DA:37,0
DA:44,0
DA:51,0
DA:64,0
DA:66,0
LF:13
LH:0
BRDA:28,0,0,0
BRDA:28,0,1,0
BRDA:36,1,0,0
BRDA:36,1,1,0
BRDA:36,2,0,0
BRDA:36,2,1,0
BRDA:61,3,0,0
BRDA:61,3,1,0
BRF:8
BRH:0
end_of_record
TN:
SF:src/app/api/kiosk/station/[station_slug]/route.ts
FN:10,GET
FNF:1
FNH:0
FNDA:0,GET
DA:14,0
DA:15,0
DA:17,0
DA:18,0
DA:24,0
DA:26,0
DA:27,0
LF:7
LH:0
BRDA:17,0,0,0
BRDA:17,0,1,0
BRF:2
BRH:0
end_of_record
TN:
SF:src/app/api/kiosk/station/[station_slug]/manifest/route.ts
FN:11,GET
FNF:1
FNH:0
FNDA:0,GET
DA:15,0
DA:17,0
DA:18,0
DA:21,0
DA:28,0
DA:29,0
DA:36,0
DA:84,0
DA:93,0
DA:94,0
LF:10
LH:0
BRDA:28,0,0,0
BRDA:28,0,1,0
BRDA:28,1,0,0
BRDA:28,1,1,0
BRDA:43,2,0,0
BRDA:43,2,1,0
BRDA:48,3,0,0
BRDA:48,3,1,0
BRDA:54,4,0,0
BRDA:54,4,1,0
BRDA:60,5,0,0
BRDA:60,5,1,0
BRF:12
BRH:0
end_of_record
TN:
SF:src/app/api/kiosk/stations/route.ts
FN:25,GET
FNF:1
FNH:0
FNDA:0,GET
DA:15,0
DA:26,0
DA:28,0
DA:29,0
DA:31,0
DA:34,0
DA:37,0
DA:46,0
DA:48,0
DA:58,0
DA:65,0
DA:67,0
LF:12
LH:0
BRDA:46,0,0,0
BRDA:46,0,1,0
BRDA:53,1,0,0
BRDA:53,1,1,0
BRDA:54,2,0,0
BRDA:54,2,1,0
BRF:6
BRH:0
end_of_record
TN:
SF:src/app/api/kiosk/submit/route.ts
FN:39,corsHeaders
FN:51,addCorsHeaders
FN:58,OPTIONS
FN:68,POST
FNF:4
FNH:0
FNDA:0,corsHeaders
FNDA:0,addCorsHeaders
FNDA:0,OPTIONS
FNDA:0,POST
DA:25,0
DA:32,0
DA:34,0
DA:40,0
DA:41,0
DA:43,0
DA:52,0
DA:53,0
DA:55,0
DA:59,0
DA:69,0
DA:71,0
DA:72,0
DA:80,0
DA:87,0
DA:88,0
DA:95,0
DA:96,0
DA:107,0
DA:113,0
DA:114,0
DA:122,0
DA:124,0
DA:125,0
DA:135,0
DA:136,0
DA:145,0
DA:151,0
DA:152,0
DA:153,0
DA:159,0
DA:161,0
DA:165,0
DA:190,0
DA:192,0
DA:197,0
DA:206,0
DA:213,0
DA:215,0
LF:39
LH:0
BRDA:41,0,0,0
BRDA:41,0,1,0
BRDA:41,1,0,0
BRDA:41,1,1,0
BRDA:87,2,0,0
BRDA:87,2,1,0
BRDA:87,3,0,0
BRDA:87,3,1,0
BRDA:113,4,0,0
BRDA:113,4,1,0
BRDA:113,5,0,0
BRDA:113,5,1,0
BRDA:124,6,0,0
BRDA:124,6,1,0
BRDA:159,7,0,0
BRDA:159,7,1,0
BRDA:174,8,0,0
BRDA:174,8,1,0
BRDA:190,9,0,0
BRDA:190,9,1,0
BRF:20
BRH:0
end_of_record
TN:
SF:src/app/api/me/contexts/route.ts
FN:15,GET
FNF:1
FNH:0
FNDA:0,GET
DA:13,0
DA:16,0
DA:19,0
DA:21,0
DA:22,0
DA:25,0
DA:27,0
DA:28,0
DA:31,0
DA:36,0
DA:38,0
LF:11
LH:0
BRDA:21,0,0,0
BRDA:21,0,1,0
BRDA:25,1,0,0
BRDA:25,1,1,0
BRF:4
BRH:0
end_of_record
TN:
SF:src/app/api/notifications/route.ts
FN:29,GET
FNF:1
FNH:0
FNDA:0,GET
DA:17,0
DA:30,0
DA:31,0
DA:34,0
DA:35,0
DA:37,0
DA:40,0
DA:43,0
DA:44,0
DA:47,0
DA:62,0
DA:64,0
DA:74,0
DA:81,0
DA:83,0
LF:15
LH:0
BRDA:62,0,0,0
BRDA:62,0,1,0
BRDA:69,1,0,0
BRDA:69,1,1,0
BRDA:70,2,0,0
BRDA:70,2,1,0
BRF:6
BRH:0
end_of_record
TN:
SF:src/app/api/notifications/send-bulk-sms/route.ts
FN:33,POST
FN:95,(anonymous_1)
FN:97,(anonymous_2)
FNF:3
FNH:0
FNDA:0,POST
FNDA:0,(anonymous_1)
FNDA:0,(anonymous_2)
DA:11,0
DA:13,0
DA:34,0
DA:35,0
DA:36,0
DA:39,0
DA:45,0
DA:49,0
DA:56,0
DA:57,0
DA:59,0
DA:60,0
DA:69,0
DA:72,0
DA:77,0
DA:79,0
DA:80,0
DA:89,0
DA:90,0
DA:95,0
DA:96,0
DA:97,0
DA:100,0
DA:101,0
DA:112,0
DA:118,0
DA:119,0
DA:121,0
DA:127,0
DA:128,0
DA:129,0
DA:132,0
DA:137,0
DA:141,0
DA:160,0
DA:168,0
DA:169,0
DA:170,0
DA:173,0
DA:176,0
DA:178,0
DA:179,0
DA:185,0
DA:199,0
LF:44
LH:0
BRDA:45,0,0,0
BRDA:45,0,1,0
BRDA:46,1,0,0
BRDA:46,1,1,0
BRDA:46,1,2,0
BRDA:59,2,0,0
BRDA:59,2,1,0
BRDA:77,3,0,0
BRDA:77,3,1,0
BRDA:79,4,0,0
BRDA:79,4,1,0
BRDA:79,5,0,0
BRDA:79,5,1,0
BRDA:89,6,0,0
BRDA:89,6,1,0
BRDA:95,7,0,0
BRDA:95,7,1,0
BRDA:97,8,0,0
BRDA:97,8,1,0
BRDA:100,9,0,0
BRDA:100,9,1,0
BRDA:127,10,0,0
BRDA:127,10,1,0
BRDA:137,11,0,0
BRDA:137,11,1,0
BRDA:168,12,0,0
BRDA:168,12,1,0
BRDA:180,13,0,0
BRDA:180,13,1,0
BRF:29
BRH:0
end_of_record
TN:
SF:src/app/api/notifications/send-sms/route.ts
FN:47,POST
FNF:1
FNH:0
FNDA:0,POST
DA:12,0
DA:14,0
DA:48,0
DA:49,0
DA:50,0
DA:53,0
DA:54,0
DA:56,0
DA:57,0
DA:66,0
DA:70,0
DA:77,0
DA:78,0
DA:85,0
DA:92,0
DA:93,0
DA:102,0
DA:108,0
DA:110,0
DA:111,0
DA:117,0
DA:118,0
DA:125,0
DA:131,0
DA:132,0
DA:141,0
DA:161,0
DA:171,0
DA:172,0
DA:173,0
DA:176,0
DA:185,0
LF:32
LH:0
BRDA:56,0,0,0
BRDA:56,0,1,0
BRDA:77,1,0,0
BRDA:77,1,1,0
BRDA:92,2,0,0
BRDA:92,2,1,0
BRDA:92,3,0,0
BRDA:92,3,1,0
BRDA:108,4,0,0
BRDA:108,4,1,0
BRDA:108,4,2,0
BRDA:110,5,0,0
BRDA:110,5,1,0
BRDA:117,6,0,0
BRDA:117,6,1,0
BRDA:117,7,0,0
BRDA:117,7,1,0
BRDA:131,8,0,0
BRDA:131,8,1,0
BRDA:171,9,0,0
BRDA:171,9,1,0
BRF:21
BRH:0
end_of_record
TN:
SF:src/app/api/notifications/settings/route.ts
FN:8,GET
FN:77,PATCH
FN:147,(anonymous_2)
FN:155,(anonymous_3)
FNF:4
FNH:0
FNDA:0,GET
FNDA:0,PATCH
FNDA:0,(anonymous_2)
FNDA:0,(anonymous_3)
DA:9,0
DA:10,0
DA:16,0
DA:18,0
DA:19,0
DA:23,0
DA:40,0
DA:41,0
DA:42,0
DA:49,0
DA:60,0
DA:65,0
DA:66,0
DA:78,0
DA:79,0
DA:85,0
DA:87,0
DA:88,0
DA:92,0
DA:95,0
DA:104,0
DA:105,0
DA:106,0
DA:107,0
DA:111,0
DA:112,0
DA:119,0
DA:120,0
DA:126,0
DA:127,0
DA:138,0
DA:139,0
DA:140,0
DA:147,0
DA:148,0
DA:155,0
DA:159,0
DA:160,0
DA:161,0
DA:166,0
DA:167,0
DA:174,0
DA:181,0
DA:182,0
DA:183,0
DA:189,0
DA:202,0
DA:203,0
LF:48
LH:0
BRDA:18,0,0,0
BRDA:18,0,1,0
BRDA:18,1,0,0
BRDA:18,1,1,0
BRDA:40,2,0,0
BRDA:40,2,1,0
BRDA:50,3,0,0
BRDA:50,3,1,0
BRDA:51,4,0,0
BRDA:51,4,1,0
BRDA:52,5,0,0
BRDA:52,5,1,0
BRDA:53,6,0,0
BRDA:53,6,1,0
BRDA:54,7,0,0
BRDA:54,7,1,0
BRDA:55,8,0,0
BRDA:55,8,1,0
BRDA:56,9,0,0
BRDA:56,9,1,0
BRDA:87,10,0,0
BRDA:87,10,1,0
BRDA:87,11,0,0
BRDA:87,11,1,0
BRDA:106,12,0,0
BRDA:106,12,1,0
BRDA:111,13,0,0
BRDA:111,13,1,0
BRDA:119,14,0,0
BRDA:119,14,1,0
BRDA:126,15,0,0
BRDA:126,15,1,0
BRDA:138,16,0,0
BRDA:138,16,1,0
BRDA:139,17,0,0
BRDA:139,17,1,0
BRDA:147,18,0,0
BRDA:147,18,1,0
BRDA:147,19,0,0
BRDA:147,19,1,0
BRDA:160,20,0,0
BRDA:160,20,1,0
BRDA:160,21,0,0
BRDA:160,21,1,0
BRDA:166,22,0,0
BRDA:166,22,1,0
BRDA:166,23,0,0
BRDA:166,23,1,0
BRDA:181,24,0,0
BRDA:181,24,1,0
BRF:50
BRH:0
end_of_record
TN:
SF:src/app/api/notifications/test-sms/route.ts
FN:26,POST
FNF:1
FNH:0
FNDA:0,POST
DA:9,0
DA:11,0
DA:27,0
DA:28,0
DA:29,0
DA:32,0
DA:33,0
DA:35,0
DA:36,0
DA:45,0
DA:48,0
DA:54,0
DA:58,0
DA:64,0
DA:66,0
DA:82,0
DA:83,0
DA:84,0
DA:87,0
DA:97,0
LF:20
LH:0
BRDA:35,0,0,0
BRDA:35,0,1,0
BRDA:54,1,0,0
BRDA:54,1,1,0
BRDA:55,2,0,0
BRDA:55,2,1,0
BRDA:55,2,2,0
BRDA:82,3,0,0
BRDA:82,3,1,0
BRF:9
BRH:0
end_of_record
TN:
SF:src/app/api/opt-out/route.ts
FN:18,POST
FN:145,GET
FNF:2
FNH:0
FNDA:0,POST
FNDA:0,GET
DA:7,0
DA:19,0
DA:20,0
DA:21,0
DA:24,0
DA:26,0
DA:27,0
DA:34,0
DA:36,0
DA:37,0
DA:44,0
DA:47,0
DA:53,0
DA:55,0
DA:56,0
DA:64,0
DA:65,0
DA:66,0
DA:72,0
DA:75,0
DA:78,0
DA:85,0
DA:92,0
DA:93,0
DA:94,0
DA:100,0
DA:103,0
DA:111,0
DA:112,0
DA:116,0
DA:122,0
DA:124,0
DA:125,0
DA:131,0
DA:146,0
DA:147,0
DA:149,0
DA:150,0
DA:157,0
DA:159,0
DA:160,0
DA:167,0
DA:169,0
DA:170,0
DA:177,0
DA:180,0
DA:187,0
DA:195,0
DA:197,0
LF:49
LH:0
BRDA:26,0,0,0
BRDA:26,0,1,0
BRDA:36,1,0,0
BRDA:36,1,1,0
BRDA:53,2,0,0
BRDA:53,2,1,0
BRDA:55,3,0,0
BRDA:55,3,1,0
BRDA:64,4,0,0
BRDA:64,4,1,0
BRDA:92,5,0,0
BRDA:92,5,1,0
BRDA:111,6,0,0
BRDA:111,6,1,0
BRDA:124,7,0,0
BRDA:124,7,1,0
BRDA:149,8,0,0
BRDA:149,8,1,0
BRDA:159,9,0,0
BRDA:159,9,1,0
BRDA:169,10,0,0
BRDA:169,10,1,0
BRDA:191,11,0,0
BRDA:191,11,1,0
BRF:24
BRH:0
end_of_record
TN:
SF:src/app/api/partner/stations/events/route.ts
FN:42,fail
FN:64,findStation
FN:91,revokeIngestKeys
FN:108,resolveMember
FN:129,POST
FNF:5
FNH:0
FNDA:0,fail
FNDA:0,findStation
FNDA:0,revokeIngestKeys
FNDA:0,resolveMember
FNDA:0,POST
DA:24,0
DA:27,0
DA:29,0
DA:43,0
DA:62,0
DA:69,0
DA:70,0
DA:75,0
DA:78,0
DA:79,0
DA:84,0
DA:87,0
DA:92,0
DA:99,0
DA:112,0
DA:113,0
DA:116,0
DA:120,0
DA:121,0
DA:126,0
DA:130,0
DA:133,0
DA:134,0
DA:136,0
DA:137,0
DA:139,0
DA:146,0
DA:148,0
DA:149,0
DA:150,0
DA:154,0
DA:160,0
DA:161,0
DA:168,0
DA:169,0
DA:171,0
DA:174,0
DA:175,0
DA:176,0
DA:179,0
DA:180,0
DA:182,0
DA:183,0
DA:187,0
DA:188,0
DA:190,0
DA:192,0
DA:193,0
DA:211,0
DA:212,0
DA:213,0
DA:226,0
DA:228,0
DA:243,0
DA:244,0
DA:250,0
DA:254,0
DA:255,0
DA:256,0
DA:257,0
DA:260,0
DA:262,0
DA:275,0
DA:277,0
DA:278,0
DA:279,0
DA:283,0
DA:284,0
DA:285,0
DA:286,0
DA:291,0
DA:297,0
DA:298,0
DA:302,0
DA:303,0
DA:304,0
DA:305,0
DA:306,0
DA:310,0
DA:311,0
DA:312,0
DA:313,0
DA:316,0
DA:317,0
DA:318,0
DA:319,0
DA:326,0
DA:327,0
DA:331,0
DA:335,0
DA:348,0
LF:91
LH:0
BRDA:69,0,0,0
BRDA:69,0,1,0
BRDA:75,1,0,0
BRDA:75,1,1,0
BRDA:78,2,0,0
BRDA:78,2,1,0
BRDA:84,3,0,0
BRDA:84,3,1,0
BRDA:99,4,0,0
BRDA:99,4,1,0
BRDA:112,5,0,0
BRDA:112,5,1,0
BRDA:112,6,0,0
BRDA:112,6,1,0
BRDA:120,7,0,0
BRDA:120,7,1,0
BRDA:136,8,0,0
BRDA:136,8,1,0
BRDA:149,9,0,0
BRDA:149,9,1,0
BRDA:160,10,0,0
BRDA:160,10,1,0
BRDA:175,11,0,0
BRDA:175,11,1,0
BRDA:176,12,0,0
BRDA:176,12,1,0
BRDA:187,13,0,0
BRDA:187,13,1,0
BRDA:190,14,0,0
BRDA:190,14,1,0
BRDA:190,14,2,0
BRDA:190,14,3,0
BRDA:190,14,4,0
BRDA:190,14,5,0
BRDA:190,14,6,0
BRDA:190,14,7,0
BRDA:197,15,0,0
BRDA:197,15,1,0
BRDA:236,16,0,0
BRDA:236,16,1,0
BRDA:244,17,0,0
BRDA:244,17,1,0
BRDA:255,18,0,0
BRDA:255,18,1,0
BRDA:260,19,0,0
BRDA:260,19,1,0
BRDA:284,20,0,0
BRDA:284,20,1,0
BRDA:302,21,0,0
BRDA:302,21,1,0
BRDA:310,22,0,0
BRDA:310,22,1,0
BRDA:311,23,0,0
BRDA:311,23,1,0
BRDA:311,24,0,0
BRDA:311,24,1,0
BRDA:339,25,0,0
BRDA:339,25,1,0
BRDA:340,26,0,0
BRDA:340,26,1,0
BRDA:341,27,0,0
BRDA:341,27,1,0
BRDA:345,28,0,0
BRDA:345,28,1,0
BRF:64
BRH:0
end_of_record
TN:
SF:src/app/api/partner/stations/provision/route.ts
FN:48,fail
FN:52,slugFrom
FN:66,POST
FN:102,(anonymous_3)
FN:105,(anonymous_4)
FN:411,withNoStore
FNF:6
FNH:0
FNDA:0,fail
FNDA:0,slugFrom
FNDA:0,POST
FNDA:0,(anonymous_3)
FNDA:0,(anonymous_4)
FNDA:0,withNoStore
DA:29,0
DA:32,0
DA:34,0
DA:49,0
DA:53,0
DA:63,0
DA:67,0
DA:68,0
DA:72,0
DA:73,0
DA:75,0
DA:76,0
DA:78,0
DA:79,0
DA:82,0
DA:83,0
DA:84,0
DA:90,0
DA:96,0
DA:97,0
DA:100,0
DA:102,0
DA:103,0
DA:104,0
DA:105,0
DA:109,0
DA:115,0
DA:116,0
DA:117,0
DA:120,0
DA:122,0
DA:124,0
DA:130,0
DA:133,0
DA:134,0
DA:142,0
DA:144,0
DA:145,0
DA:152,0
DA:156,0
DA:157,0
DA:164,0
DA:170,0
DA:193,0
DA:197,0
DA:198,0
DA:206,0
DA:214,0
DA:216,0
DA:220,0
DA:221,0
DA:228,0
DA:233,0
DA:248,0
DA:249,0
DA:250,0
DA:253,0
DA:254,0
DA:255,0
DA:260,0
DA:275,0
DA:279,0
DA:286,0
DA:288,0
DA:293,0
DA:294,0
DA:295,0
DA:298,0
DA:310,0
DA:311,0
DA:312,0
DA:334,0
DA:341,0
DA:342,0
DA:350,0
DA:356,0
DA:358,0
DA:363,0
DA:377,0
DA:381,0
DA:406,0
DA:407,0
DA:412,0
DA:413,0
LF:84
LH:0
BRDA:48,0,0,0
BRDA:63,1,0,0
BRDA:63,1,1,0
BRDA:67,2,0,0
BRDA:67,2,1,0
BRDA:75,3,0,0
BRDA:75,3,1,0
BRDA:83,4,0,0
BRDA:83,4,1,0
BRDA:96,5,0,0
BRDA:96,5,1,0
BRDA:103,6,0,0
BRDA:103,6,1,0
BRDA:116,7,0,0
BRDA:116,7,1,0
BRDA:130,8,0,0
BRDA:130,8,1,0
BRDA:130,9,0,0
BRDA:130,9,1,0
BRDA:133,10,0,0
BRDA:133,10,1,0
BRDA:142,11,0,0
BRDA:142,11,1,0
BRDA:144,12,0,0
BRDA:144,12,1,0
BRDA:144,13,0,0
BRDA:144,13,1,0
BRDA:156,14,0,0
BRDA:156,14,1,0
BRDA:197,15,0,0
BRDA:197,15,1,0
BRDA:216,16,0,0
BRDA:216,16,1,0
BRDA:248,17,0,0
BRDA:248,17,1,0
BRDA:248,18,0,0
BRDA:248,18,1,0
BRDA:293,19,0,0
BRDA:293,19,1,0
BRDA:293,20,0,0
BRDA:293,20,1,0
BRDA:310,21,0,0
BRDA:310,21,1,0
BRDA:310,22,0,0
BRDA:310,22,1,0
BRDA:335,23,0,0
BRDA:335,23,1,0
BRDA:341,24,0,0
BRDA:341,24,1,0
BRDA:370,25,0,0
BRDA:370,25,1,0
BRDA:402,26,0,0
BRDA:402,26,1,0
BRF:53
BRH:0
end_of_record
TN:
SF:src/app/api/profile/route.ts
FN:11,GET
FN:40,PATCH
FNF:2
FNH:0
FNDA:0,GET
FNDA:0,PATCH
DA:4,0
DA:12,0
DA:15,0
DA:17,0
DA:23,0
DA:26,0
DA:27,0
DA:28,0
DA:29,0
DA:32,0
DA:34,0
DA:41,0
DA:42,0
DA:45,0
DA:46,0
DA:48,0
DA:55,0
DA:58,0
DA:59,0
DA:60,0
DA:61,0
DA:64,0
DA:66,0
LF:23
LH:0
BRDA:28,0,0,0
BRDA:28,0,1,0
BRDA:60,1,0,0
BRDA:60,1,1,0
BRF:4
BRH:0
end_of_record
TN:
SF:src/app/api/profile/stats/route.ts
FN:16,GET
FN:46,(anonymous_1)
FNF:2
FNH:0
FNDA:0,GET
FNDA:0,(anonymous_1)
DA:10,0
DA:17,0
DA:18,0
DA:19,0
DA:22,0
DA:29,0
DA:30,0
DA:32,0
DA:42,0
DA:45,0
DA:46,0
DA:47,0
DA:48,0
DA:49,0
DA:51,0
DA:59,0
DA:64,0
LF:17
LH:0
BRDA:42,0,0,0
BRDA:42,0,1,0
BRDA:46,1,0,0
BRDA:46,1,1,0
BRDA:60,2,0,0
BRDA:60,2,1,0
BRF:6
BRH:0
end_of_record
TN:
SF:src/app/api/reminders/route.ts
FN:20,GET
FN:93,POST
FNF:2
FNH:0
FNDA:0,GET
FNDA:0,POST
DA:5,0
DA:21,0
DA:22,0
DA:23,0
DA:25,0
DA:26,0
DA:33,0
DA:34,0
DA:35,0
DA:36,0
DA:37,0
DA:39,0
DA:53,0
DA:54,0
DA:57,0
DA:58,0
DA:59,0
DA:62,0
DA:64,0
DA:65,0
DA:66,0
DA:72,0
DA:81,0
DA:82,0
DA:94,0
DA:95,0
DA:96,0
DA:98,0
DA:99,0
DA:105,0
DA:108,0
DA:109,0
DA:110,0
DA:119,0
DA:122,0
DA:128,0
DA:129,0
DA:135,0
DA:136,0
DA:143,0
DA:144,0
DA:149,0
DA:159,0
DA:160,0
DA:161,0
DA:177,0
DA:179,0
DA:180,0
LF:48
LH:0
BRDA:25,0,0,0
BRDA:25,0,1,0
BRDA:25,1,0,0
BRDA:25,1,1,0
BRDA:36,2,0,0
BRDA:36,2,1,0
BRDA:37,3,0,0
BRDA:37,3,1,0
BRDA:53,4,0,0
BRDA:53,4,1,0
BRDA:58,5,0,0
BRDA:58,5,1,0
BRDA:64,6,0,0
BRDA:64,6,1,0
BRDA:77,7,0,0
BRDA:77,7,1,0
BRDA:77,7,2,0
BRDA:98,8,0,0
BRDA:98,8,1,0
BRDA:98,9,0,0
BRDA:98,9,1,0
BRDA:109,10,0,0
BRDA:109,10,1,0
BRDA:128,11,0,0
BRDA:128,11,1,0
BRDA:128,12,0,0
BRDA:128,12,1,0
BRDA:135,13,0,0
BRDA:135,13,1,0
BRDA:159,14,0,0
BRDA:159,14,1,0
BRF:31
BRH:0
end_of_record
TN:
SF:src/app/api/reminders/[id]/route.ts
FN:10,getOwnedReminder
FN:47,GET
FN:85,PUT
FN:179,DELETE
FNF:4
FNH:0
FNDA:0,getOwnedReminder
FNDA:0,GET
FNDA:0,PUT
FNDA:0,DELETE
DA:11,0
DA:13,0
DA:20,0
DA:21,0
DA:24,0
DA:25,0
DA:28,0
DA:29,0
DA:35,0
DA:36,0
DA:40,0
DA:51,0
DA:52,0
DA:56,0
DA:58,0
DA:59,0
DA:62,0
DA:64,0
DA:65,0
DA:67,0
DA:68,0
DA:71,0
DA:73,0
DA:74,0
DA:89,0
DA:90,0
DA:94,0
DA:96,0
DA:97,0
DA:100,0
DA:102,0
DA:103,0
DA:105,0
DA:106,0
DA:110,0
DA:116,0
DA:118,0
DA:119,0
DA:120,0
DA:121,0
DA:128,0
DA:129,0
DA:130,0
DA:131,0
DA:133,0
DA:134,0
DA:138,0
DA:141,0
DA:146,0
DA:151,0
DA:153,0
DA:154,0
DA:161,0
DA:162,0
DA:165,0
DA:167,0
DA:168,0
DA:183,0
DA:184,0
DA:188,0
DA:190,0
DA:191,0
DA:194,0
DA:196,0
DA:197,0
DA:199,0
DA:200,0
DA:203,0
DA:204,0
DA:209,0
DA:210,0
DA:213,0
DA:215,0
DA:216,0
LF:74
LH:0
BRDA:20,0,0,0
BRDA:20,0,1,0
BRDA:20,1,0,0
BRDA:20,1,1,0
BRDA:24,2,0,0
BRDA:24,2,1,0
BRDA:28,3,0,0
BRDA:28,3,1,0
BRDA:28,4,0,0
BRDA:28,4,1,0
BRDA:35,5,0,0
BRDA:35,5,1,0
BRDA:35,6,0,0
BRDA:35,6,1,0
BRDA:58,7,0,0
BRDA:58,7,1,0
BRDA:64,8,0,0
BRDA:64,8,1,0
BRDA:67,9,0,0
BRDA:67,9,1,0
BRDA:96,10,0,0
BRDA:96,10,1,0
BRDA:102,11,0,0
BRDA:102,11,1,0
BRDA:105,12,0,0
BRDA:105,12,1,0
BRDA:118,13,0,0
BRDA:118,13,1,0
BRDA:120,14,0,0
BRDA:120,14,1,0
BRDA:129,15,0,0
BRDA:129,15,1,0
BRDA:130,16,0,0
BRDA:130,16,1,0
BRDA:133,17,0,0
BRDA:133,17,1,0
BRDA:133,18,0,0
BRDA:133,18,1,0
BRDA:138,19,0,0
BRDA:138,19,1,0
BRDA:141,20,0,0
BRDA:141,20,1,0
BRDA:141,21,0,0
BRDA:141,21,1,0
BRDA:141,21,2,0
BRDA:161,22,0,0
BRDA:161,22,1,0
BRDA:190,23,0,0
BRDA:190,23,1,0
BRDA:196,24,0,0
BRDA:196,24,1,0
BRDA:199,25,0,0
BRDA:199,25,1,0
BRDA:209,26,0,0
BRDA:209,26,1,0
BRF:55
BRH:0
end_of_record
TN:
SF:src/app/api/reminders/create/route.ts
FN:10,POST
FNF:1
FNH:0
FNDA:0,POST
DA:11,0
DA:12,0
DA:17,0
DA:19,0
DA:20,0
DA:24,0
DA:25,0
DA:27,0
DA:28,0
DA:40,0
DA:43,0
DA:46,0
DA:55,0
DA:56,0
DA:63,0
DA:79,0
DA:80,0
DA:81,0
DA:87,0
DA:89,0
DA:90,0
LF:21
LH:0
BRDA:19,0,0,0
BRDA:19,0,1,0
BRDA:27,1,0,0
BRDA:27,1,1,0
BRDA:55,2,0,0
BRDA:55,2,1,0
BRDA:79,3,0,0
BRDA:79,3,1,0
BRF:8
BRH:0
end_of_record
TN:
SF:src/app/api/security/change-email/route.ts
FN:28,POST
FN:73,(anonymous_1)
FNF:2
FNH:0
FNDA:0,POST
FNDA:0,(anonymous_1)
DA:8,0
DA:10,0
DA:29,0
DA:30,0
DA:31,0
DA:34,0
DA:35,0
DA:37,0
DA:38,0
DA:47,0
DA:50,0
DA:51,0
DA:58,0
DA:63,0
DA:64,0
DA:71,0
DA:72,0
DA:73,0
DA:76,0
DA:77,0
DA:85,0
DA:89,0
DA:90,0
DA:91,0
DA:96,0
DA:105,0
LF:26
LH:0
BRDA:37,0,0,0
BRDA:37,0,1,0
BRDA:50,1,0,0
BRDA:50,1,1,0
BRDA:63,2,0,0
BRDA:63,2,1,0
BRDA:76,3,0,0
BRDA:76,3,1,0
BRDA:89,4,0,0
BRDA:89,4,1,0
BRF:10
BRH:0
end_of_record
TN:
SF:src/app/api/security/change-password/route.ts
FN:31,POST
FNF:1
FNH:0
FNDA:0,POST
DA:8,0
DA:10,0
DA:32,0
DA:33,0
DA:34,0
DA:37,0
DA:38,0
DA:40,0
DA:41,0
DA:50,0
DA:53,0
DA:58,0
DA:59,0
DA:66,0
DA:67,0
DA:74,0
DA:78,0
DA:79,0
DA:80,0
DA:83,0
DA:91,0
LF:21
LH:0
BRDA:40,0,0,0
BRDA:40,0,1,0
BRDA:58,1,0,0
BRDA:58,1,1,0
BRDA:66,2,0,0
BRDA:66,2,1,0
BRDA:78,3,0,0
BRDA:78,3,1,0
BRF:8
BRH:0
end_of_record
TN:
SF:src/app/api/security/sessions/route.ts
FN:15,GET
FN:68,DELETE
FNF:2
FNH:0
FNDA:0,GET
FNDA:0,DELETE
DA:7,0
DA:16,0
DA:17,0
DA:18,0
DA:23,0
DA:27,0
DA:29,0
DA:35,0
DA:51,0
DA:58,0
DA:69,0
DA:70,0
DA:71,0
DA:74,0
DA:76,0
DA:77,0
DA:78,0
DA:81,0
DA:89,0
LF:19
LH:0
BRDA:29,0,0,0
BRDA:29,0,1,0
BRDA:35,1,0,0
BRDA:35,1,1,0
BRDA:39,2,0,0
BRDA:39,2,1,0
BRDA:41,3,0,0
BRDA:41,3,1,0
BRDA:41,3,2,0
BRDA:76,4,0,0
BRDA:76,4,1,0
BRF:11
BRH:0
end_of_record
TN:
SF:src/app/api/security/sessions/[id]/route.ts
FN:17,DELETE
FNF:1
FNH:0
FNDA:0,DELETE
DA:7,0
DA:21,0
DA:22,0
DA:23,0
DA:24,0
DA:29,0
DA:31,0
DA:32,0
DA:39,0
DA:41,0
DA:43,0
DA:45,0
DA:46,0
DA:47,0
DA:50,0
DA:60,0
DA:69,0
LF:17
LH:0
BRDA:31,0,0,0
BRDA:31,0,1,0
BRDA:41,1,0,0
BRDA:41,1,1,0
BRDA:41,2,0,0
BRDA:41,2,1,0
BRDA:45,3,0,0
BRDA:45,3,1,0
BRF:8
BRH:0
end_of_record
TN:
SF:src/app/api/security/verify-email-change/route.ts
FN:28,POST
FNF:1
FNH:0
FNDA:0,POST
DA:8,0
DA:10,0
DA:29,0
DA:30,0
DA:31,0
DA:34,0
DA:35,0
DA:37,0
DA:38,0
DA:47,0
DA:50,0
DA:55,0
DA:56,0
DA:57,0
DA:65,0
DA:66,0
DA:73,0
DA:82,0
LF:18
LH:0
BRDA:37,0,0,0
BRDA:37,0,1,0
BRDA:55,1,0,0
BRDA:55,1,1,0
BRDA:65,2,0,0
BRDA:65,2,1,0
BRF:6
BRH:0
end_of_record
TN:
SF:src/app/api/stations/route.ts
FN:32,GET
FN:85,POST
FNF:2
FNH:0
FNDA:0,GET
FNDA:0,POST
DA:33,0
DA:34,0
DA:35,0
DA:38,0
DA:41,0
DA:44,0
DA:45,0
DA:48,0
DA:53,0
DA:54,0
DA:58,0
DA:59,0
DA:61,0
DA:63,0
DA:65,0
DA:75,0
DA:86,0
DA:89,0
DA:92,0
DA:93,0
DA:97,0
DA:98,0
DA:106,0
DA:107,0
DA:110,0
DA:116,0
DA:117,0
DA:125,0
DA:140,0
DA:142,0
DA:143,0
DA:145,0
DA:147,0
LF:33
LH:0
BRDA:53,0,0,0
BRDA:53,0,1,0
BRDA:63,1,0,0
BRDA:63,1,1,0
BRDA:70,2,0,0
BRDA:70,2,1,0
BRDA:71,3,0,0
BRDA:71,3,1,0
BRDA:97,4,0,0
BRDA:97,4,1,0
BRDA:116,5,0,0
BRDA:116,5,1,0
BRDA:131,6,0,0
BRDA:131,6,1,0
BRDA:132,7,0,0
BRDA:132,7,1,0
BRDA:133,8,0,0
BRDA:133,8,1,0
BRDA:134,9,0,0
BRDA:134,9,1,0
BRDA:140,10,0,0
BRDA:140,10,1,0
BRF:22
BRH:0
end_of_record
TN:
SF:src/app/api/stations/[id]/route.ts
FN:24,(anonymous_0)
FN:58,(anonymous_1)
FN:59,(anonymous_2)
FN:66,(anonymous_3)
FN:99,PATCH
FN:134,(anonymous_5)
FN:239,DELETE
FNF:7
FNH:0
FNDA:0,(anonymous_0)
FNDA:0,(anonymous_1)
FNDA:0,(anonymous_2)
FNDA:0,(anonymous_3)
FNDA:0,PATCH
FNDA:0,(anonymous_5)
FNDA:0,DELETE
DA:8,0
DA:24,0
DA:58,0
DA:60,0
DA:61,0
DA:62,0
DA:63,0
DA:66,0
DA:86,0
DA:103,0
DA:104,0
DA:105,0
DA:107,0
DA:108,0
DA:114,0
DA:115,0
DA:118,0
DA:119,0
DA:120,0
DA:129,0
DA:134,0
DA:136,0
DA:137,0
DA:143,0
DA:144,0
DA:157,0
DA:158,0
DA:160,0
DA:161,0
DA:162,0
DA:166,0
DA:167,0
DA:168,0
DA:171,0
DA:172,0
DA:178,0
DA:179,0
DA:181,0
DA:186,0
DA:187,0
DA:194,0
DA:195,0
DA:203,0
DA:210,0
DA:211,0
DA:212,0
DA:218,0
DA:219,0
DA:225,0
DA:227,0
DA:228,0
DA:243,0
DA:244,0
DA:245,0
DA:247,0
DA:248,0
DA:254,0
DA:257,0
DA:264,0
DA:265,0
DA:266,0
DA:272,0
DA:273,0
DA:279,0
DA:284,0
DA:285,0
LF:66
LH:0
BRDA:58,0,0,0
BRDA:58,0,1,0
BRDA:60,1,0,0
BRDA:60,1,1,0
BRDA:62,2,0,0
BRDA:62,2,1,0
BRDA:66,3,0,0
BRDA:66,3,1,0
BRDA:66,4,0,0
BRDA:66,4,1,0
BRDA:107,5,0,0
BRDA:107,5,1,0
BRDA:107,6,0,0
BRDA:107,6,1,0
BRDA:119,7,0,0
BRDA:119,7,1,0
BRDA:136,8,0,0
BRDA:136,8,1,0
BRDA:143,9,0,0
BRDA:143,9,1,0
BRDA:157,10,0,0
BRDA:157,10,1,0
BRDA:158,11,0,0
BRDA:158,11,1,0
BRDA:160,12,0,0
BRDA:160,12,1,0
BRDA:166,13,0,0
BRDA:166,13,1,0
BRDA:171,14,0,0
BRDA:171,14,1,0
BRDA:186,15,0,0
BRDA:186,15,1,0
BRDA:194,16,0,0
BRDA:194,16,1,0
BRDA:210,17,0,0
BRDA:210,17,1,0
BRDA:218,18,0,0
BRDA:218,18,1,0
BRDA:247,19,0,0
BRDA:247,19,1,0
BRDA:247,20,0,0
BRDA:247,20,1,0
BRDA:264,21,0,0
BRDA:264,21,1,0
BRDA:272,22,0,0
BRDA:272,22,1,0
BRF:46
BRH:0
end_of_record
TN:
SF:src/app/api/stations/add-reminder/route.ts
FN:8,POST
FNF:1
FNH:0
FNDA:0,POST
DA:9,0
DA:10,0
DA:15,0
DA:17,0
DA:18,0
DA:22,0
DA:28,0
DA:29,0
DA:33,0
DA:41,0
DA:44,0
DA:45,0
DA:52,0
DA:53,0
DA:55,0
DA:56,0
DA:57,0
DA:64,0
DA:65,0
DA:66,0
DA:72,0
DA:73,0
DA:74,0
DA:75,0
DA:82,0
DA:90,0
DA:91,0
DA:98,0
DA:105,0
DA:106,0
DA:114,0
DA:115,0
DA:122,0
DA:146,0
DA:147,0
DA:148,0
DA:154,0
DA:156,0
DA:157,0
LF:39
LH:0
BRDA:17,0,0,0
BRDA:17,0,1,0
BRDA:28,1,0,0
BRDA:28,1,1,0
BRDA:28,2,0,0
BRDA:28,2,1,0
BRDA:28,2,2,0
BRDA:44,3,0,0
BRDA:44,3,1,0
BRDA:44,4,0,0
BRDA:44,4,1,0
BRDA:44,4,2,0
BRDA:44,4,3,0
BRDA:53,5,0,0
BRDA:53,5,1,0
BRDA:56,6,0,0
BRDA:56,6,1,0
BRDA:65,7,0,0
BRDA:65,7,1,0
BRDA:74,8,0,0
BRDA:74,8,1,0
BRDA:90,9,0,0
BRDA:90,9,1,0
BRDA:105,10,0,0
BRDA:105,10,1,0
BRDA:105,11,0,0
BRDA:105,11,1,0
BRDA:114,12,0,0
BRDA:114,12,1,0
BRDA:114,13,0,0
BRDA:114,13,1,0
BRDA:126,14,0,0
BRDA:126,14,1,0
BRDA:132,15,0,0
BRDA:132,15,1,0
BRDA:146,16,0,0
BRDA:146,16,1,0
BRF:37
BRH:0
end_of_record
TN:
SF:src/app/api/stations/me/appointments/route.ts
FN:23,GET
FN:75,(anonymous_1)
FNF:2
FNH:0
FNDA:0,GET
FNDA:0,(anonymous_1)
DA:20,0
DA:21,0
DA:24,0
DA:25,0
DA:26,0
DA:28,0
DA:29,0
DA:31,0
DA:32,0
DA:34,0
DA:43,0
DA:45,0
DA:47,0
DA:52,0
DA:64,0
DA:65,0
DA:71,0
DA:75,0
DA:78,0
LF:19
LH:0
BRDA:28,0,0,0
BRDA:28,0,1,0
BRDA:29,1,0,0
BRDA:29,1,1,0
BRDA:43,2,0,0
BRDA:43,2,1,0
BRDA:47,3,0,0
BRDA:47,3,1,0
BRDA:52,4,0,0
BRDA:52,4,1,0
BRDA:64,5,0,0
BRDA:64,5,1,0
BRDA:73,6,0,0
BRDA:73,6,1,0
BRDA:74,7,0,0
BRDA:74,7,1,0
BRF:16
BRH:0
end_of_record
TN:
SF:src/app/api/stations/me/appointments/[id]/route.ts
FN:30,PATCH
FN:36,(anonymous_1)
FNF:2
FNH:0
FNDA:0,PATCH
FNDA:0,(anonymous_1)
DA:20,0
DA:21,0
DA:23,0
DA:31,0
DA:32,0
DA:36,0
DA:37,0
DA:38,0
DA:48,0
DA:49,0
DA:56,0
DA:57,0
DA:58,0
DA:62,0
DA:70,0
DA:71,0
DA:72,0
DA:75,0
DA:77,0
LF:19
LH:0
BRDA:37,0,0,0
BRDA:37,0,1,0
BRDA:40,1,0,0
BRDA:40,1,1,0
BRDA:48,2,0,0
BRDA:48,2,1,0
BRDA:48,3,0,0
BRDA:48,3,1,0
BRDA:57,4,0,0
BRDA:57,4,1,0
BRDA:58,5,0,0
BRDA:58,5,1,0
BRDA:70,6,0,0
BRDA:70,6,1,0
BRDA:71,7,0,0
BRDA:71,7,1,0
BRF:16
BRH:0
end_of_record
TN:
SF:src/app/api/stations/me/balance/route.ts
FN:17,GET
FNF:1
FNH:0
FNDA:0,GET
DA:15,0
DA:18,0
DA:19,0
DA:20,0
DA:23,0
DA:24,0
DA:26,0
DA:28,0
DA:30,0
LF:9
LH:0
BRDA:19,0,0,0
BRDA:19,0,1,0
BRF:2
BRH:0
end_of_record
TN:
SF:src/app/api/stations/me/checkout/route.ts
FN:15,GET
FN:30,(anonymous_1)
FNF:2
FNH:0
FNDA:0,GET
FNDA:0,(anonymous_1)
DA:13,0
DA:16,0
DA:17,0
DA:18,0
DA:21,0
DA:22,0
DA:24,0
DA:25,0
DA:28,0
DA:30,0
DA:38,0
LF:11
LH:0
BRDA:17,0,0,0
BRDA:17,0,1,0
BRDA:24,1,0,0
BRDA:24,1,1,0
BRF:4
BRH:0
end_of_record
TN:
SF:src/app/api/stations/me/consent/route.ts
FN:32,GET
FN:72,(anonymous_1)
FN:72,(anonymous_2)
FN:87,(anonymous_3)
FN:93,(anonymous_4)
FN:104,POST
FN:110,(anonymous_6)
FNF:7
FNH:0
FNDA:0,GET
FNDA:0,(anonymous_1)
FNDA:0,(anonymous_2)
FNDA:0,(anonymous_3)
FNDA:0,(anonymous_4)
FNDA:0,POST
FNDA:0,(anonymous_6)
DA:23,0
DA:25,0
DA:33,0
DA:34,0
DA:35,0
DA:38,0
DA:39,0
DA:40,0
DA:41,0
DA:43,0
DA:44,0
DA:46,0
DA:55,0
DA:56,0
DA:61,0
DA:65,0
DA:67,0
DA:71,0
DA:72,0
DA:75,0
DA:76,0
DA:77,0
DA:83,0
DA:85,0
DA:87,0
DA:91,0
DA:93,0
DA:100,0
DA:105,0
DA:106,0
DA:107,0
DA:110,0
DA:111,0
DA:112,0
DA:113,0
DA:116,0
DA:118,0
DA:119,0
DA:126,0
DA:127,0
DA:129,0
DA:141,0
DA:142,0
DA:143,0
DA:146,0
DA:147,0
DA:150,0
DA:155,0
DA:162,0
LF:49
LH:0
BRDA:34,0,0,0
BRDA:34,0,1,0
BRDA:39,1,0,0
BRDA:39,1,1,0
BRDA:40,2,0,0
BRDA:40,2,1,0
BRDA:55,3,0,0
BRDA:55,3,1,0
BRDA:65,4,0,0
BRDA:65,4,1,0
BRDA:67,5,0,0
BRDA:67,5,1,0
BRDA:76,6,0,0
BRDA:76,6,1,0
BRDA:83,7,0,0
BRDA:83,7,1,0
BRDA:87,8,0,0
BRDA:87,8,1,0
BRDA:95,9,0,0
BRDA:95,9,1,0
BRDA:97,10,0,0
BRDA:97,10,1,0
BRDA:106,11,0,0
BRDA:106,11,1,0
BRDA:112,12,0,0
BRDA:112,12,1,0
BRDA:133,13,0,0
BRDA:133,13,1,0
BRDA:141,14,0,0
BRDA:141,14,1,0
BRDA:146,15,0,0
BRDA:146,15,1,0
BRDA:152,16,0,0
BRDA:152,16,1,0
BRDA:157,17,0,0
BRDA:157,17,1,0
BRF:36
BRH:0
end_of_record
TN:
SF:src/app/api/stations/me/import/route.ts
FN:35,POST
FNF:1
FNH:0
FNDA:0,POST
DA:27,0
DA:30,0
DA:33,0
DA:36,0
DA:37,0
DA:39,0
DA:40,0
DA:47,0
DA:48,0
DA:49,0
DA:51,0
DA:52,0
DA:55,0
DA:56,0
DA:66,0
DA:67,0
DA:74,0
DA:76,0
DA:77,0
DA:84,0
DA:86,0
DA:97,0
DA:103,0
DA:104,0
DA:106,0
LF:25
LH:0
BRDA:39,0,0,0
BRDA:39,0,1,0
BRDA:51,1,0,0
BRDA:51,1,1,0
BRDA:55,2,0,0
BRDA:55,2,1,0
BRDA:66,3,0,0
BRDA:66,3,1,0
BRDA:76,4,0,0
BRDA:76,4,1,0
BRDA:103,5,0,0
BRDA:103,5,1,0
BRF:12
BRH:0
end_of_record
TN:
SF:src/app/api/stations/me/inspections/route.ts
FN:26,GET
FNF:1
FNH:0
FNDA:0,GET
DA:20,0
DA:24,0
DA:27,0
DA:28,0
DA:29,0
DA:32,0
DA:33,0
DA:34,0
DA:35,0
DA:37,0
DA:42,0
DA:51,0
DA:52,0
DA:55,0
DA:59,0
DA:61,0
DA:68,0
LF:17
LH:0
BRDA:28,0,0,0
BRDA:28,0,1,0
BRDA:33,1,0,0
BRDA:33,1,1,0
BRDA:34,2,0,0
BRDA:34,2,1,0
BRDA:51,3,0,0
BRDA:51,3,1,0
BRDA:59,4,0,0
BRDA:59,4,1,0
BRDA:64,5,0,0
BRDA:64,5,1,0
BRDA:65,6,0,0
BRDA:65,6,1,0
BRF:14
BRH:0
end_of_record
TN:
SF:src/app/api/stations/me/notifications/route.ts
FN:14,GET
FN:33,(anonymous_1)
FN:51,(anonymous_2)
FNF:3
FNH:0
FNDA:0,GET
FNDA:0,(anonymous_1)
FNDA:0,(anonymous_2)
DA:12,0
DA:15,0
DA:16,0
DA:17,0
DA:20,0
DA:21,0
DA:23,0
DA:24,0
DA:26,0
DA:31,0
DA:33,0
DA:34,0
DA:35,0
DA:38,0
DA:47,0
DA:49,0
DA:50,0
DA:52,0
DA:53,0
DA:54,0
DA:55,0
DA:60,0
DA:62,0
LF:23
LH:0
BRDA:16,0,0,0
BRDA:16,0,1,0
BRDA:21,1,0,0
BRDA:21,1,1,0
BRDA:31,2,0,0
BRDA:31,2,1,0
BRDA:33,3,0,0
BRDA:33,3,1,0
BRDA:34,4,0,0
BRDA:34,4,1,0
BRDA:47,5,0,0
BRDA:47,5,1,0
BRDA:49,6,0,0
BRDA:49,6,1,0
BRDA:52,7,0,0
BRDA:52,7,1,0
BRDA:54,8,0,0
BRDA:54,8,1,0
BRF:18
BRH:0
end_of_record
TN:
SF:src/app/api/stations/me/reminders/route.ts
FN:13,GET
FNF:1
FNH:0
FNDA:0,GET
DA:11,0
DA:14,0
DA:15,0
DA:16,0
DA:19,0
DA:20,0
DA:21,0
DA:22,0
DA:23,0
DA:25,0
DA:26,0
DA:28,0
DA:37,0
DA:38,0
DA:43,0
DA:44,0
DA:45,0
DA:46,0
DA:48,0
DA:52,0
DA:54,0
DA:60,0
LF:22
LH:0
BRDA:15,0,0,0
BRDA:15,0,1,0
BRDA:20,1,0,0
BRDA:20,1,1,0
BRDA:21,2,0,0
BRDA:21,2,1,0
BRDA:37,3,0,0
BRDA:37,3,1,0
BRDA:44,4,0,0
BRDA:44,4,1,0
BRDA:45,5,0,0
BRDA:45,5,1,0
BRDA:46,6,0,0
BRDA:46,6,1,0
BRDA:52,7,0,0
BRDA:52,7,1,0
BRDA:56,8,0,0
BRDA:56,8,1,0
BRDA:57,9,0,0
BRDA:57,9,1,0
BRF:20
BRH:0
end_of_record
TN:
SF:src/app/api/stations/me/reminders/[id]/route.ts
FN:46,PATCH
FN:55,(anonymous_1)
FN:66,(anonymous_2)
FN:113,DELETE
FNF:4
FNH:0
FNDA:0,PATCH
FNDA:0,(anonymous_1)
FNDA:0,(anonymous_2)
FNDA:0,DELETE
DA:26,0
DA:29,0
DA:40,0
DA:47,0
DA:48,0
DA:49,0
DA:52,0
DA:53,0
DA:55,0
DA:56,0
DA:57,0
DA:61,0
DA:62,0
DA:66,0
DA:70,0
DA:72,0
DA:73,0
DA:79,0
DA:80,0
DA:83,0
DA:85,0
DA:94,0
DA:95,0
DA:96,0
DA:99,0
DA:100,0
DA:103,0
DA:107,0
DA:109,0
DA:114,0
DA:115,0
DA:116,0
DA:119,0
DA:120,0
DA:122,0
DA:123,0
DA:131,0
DA:140,0
DA:141,0
DA:142,0
DA:145,0
DA:146,0
DA:149,0
DA:151,0
DA:153,0
LF:45
LH:0
BRDA:48,0,0,0
BRDA:48,0,1,0
BRDA:56,1,0,0
BRDA:56,1,1,0
BRDA:61,2,0,0
BRDA:61,2,1,0
BRDA:72,3,0,0
BRDA:72,3,1,0
BRDA:79,4,0,0
BRDA:79,4,1,0
BRDA:94,5,0,0
BRDA:94,5,1,0
BRDA:99,6,0,0
BRDA:99,6,1,0
BRDA:115,7,0,0
BRDA:115,7,1,0
BRDA:122,8,0,0
BRDA:122,8,1,0
BRDA:140,9,0,0
BRDA:140,9,1,0
BRDA:145,10,0,0
BRDA:145,10,1,0
BRF:22
BRH:0
end_of_record
TN:
SF:src/app/api/stations/me/reminders/[id]/notify/route.ts
FN:37,POST
FN:46,(anonymous_1)
FNF:2
FNH:0
FNDA:0,POST
FNDA:0,(anonymous_1)
DA:28,0
DA:30,0
DA:38,0
DA:39,0
DA:40,0
DA:43,0
DA:44,0
DA:46,0
DA:47,0
DA:48,0
DA:49,0
DA:54,0
DA:55,0
DA:62,0
DA:64,0
DA:72,0
DA:73,0
DA:76,0
DA:77,0
DA:84,0
DA:85,0
DA:93,0
DA:100,0
DA:101,0
DA:108,0
DA:109,0
DA:111,0
DA:118,0
DA:131,0
DA:151,0
DA:159,0
DA:160,0
DA:169,0
DA:175,0
LF:34
LH:0
BRDA:39,0,0,0
BRDA:39,0,1,0
BRDA:47,1,0,0
BRDA:47,1,1,0
BRDA:48,2,0,0
BRDA:48,2,1,0
BRDA:54,3,0,0
BRDA:54,3,1,0
BRDA:54,4,0,0
BRDA:54,4,1,0
BRDA:72,5,0,0
BRDA:72,5,1,0
BRDA:76,6,0,0
BRDA:76,6,1,0
BRDA:84,7,0,0
BRDA:84,7,1,0
BRDA:100,8,0,0
BRDA:100,8,1,0
BRDA:111,9,0,0
BRDA:111,9,1,0
BRDA:113,10,0,0
BRDA:113,10,1,0
BRDA:118,11,0,0
BRDA:118,11,1,0
BRDA:119,12,0,0
BRDA:119,12,1,0
BRDA:120,13,0,0
BRDA:120,13,1,0
BRDA:125,14,0,0
BRDA:125,14,1,0
BRDA:126,15,0,0
BRDA:126,15,1,0
BRDA:159,16,0,0
BRDA:159,16,1,0
BRF:34
BRH:0
end_of_record
TN:
SF:src/app/api/stations/me/retention/route.ts
FN:22,GET
FNF:1
FNH:0
FNDA:0,GET
DA:19,0
DA:20,0
DA:23,0
DA:24,0
DA:28,0
DA:29,0
DA:36,0
DA:37,0
DA:38,0
DA:40,0
DA:45,0
DA:58,0
LF:12
LH:0
BRDA:28,0,0,0
BRDA:28,0,1,0
BRDA:37,1,0,0
BRDA:37,1,1,0
BRDA:38,2,0,0
BRDA:38,2,1,0
BRF:6
BRH:0
end_of_record
TN:
SF:src/app/api/stations/me/stats/route.ts
FN:14,GET
FN:41,(anonymous_1)
FNF:2
FNH:0
FNDA:0,GET
FNDA:0,(anonymous_1)
DA:12,0
DA:15,0
DA:16,0
DA:17,0
DA:20,0
DA:21,0
DA:22,0
DA:24,0
DA:28,0
DA:31,0
DA:32,0
DA:33,0
DA:35,0
DA:41,0
DA:43,0
DA:52,0
LF:16
LH:0
BRDA:16,0,0,0
BRDA:16,0,1,0
BRDA:28,1,0,0
BRDA:28,1,1,0
BRDA:41,2,0,0
BRDA:41,2,1,0
BRDA:45,3,0,0
BRDA:45,3,1,0
BRDA:47,4,0,0
BRDA:47,4,1,0
BRF:10
BRH:0
end_of_record
TN:
SF:src/app/api/stations/me/upcoming/route.ts
FN:18,GET
FN:61,(anonymous_1)
FNF:2
FNH:0
FNDA:0,GET
FNDA:0,(anonymous_1)
DA:16,0
DA:19,0
DA:20,0
DA:21,0
DA:24,0
DA:25,0
DA:26,0
DA:28,0
DA:29,0
DA:35,0
DA:37,0
DA:38,0
DA:40,0
DA:49,0
DA:51,0
DA:52,0
DA:53,0
DA:54,0
DA:55,0
DA:58,0
DA:61,0
DA:68,0
LF:22
LH:0
BRDA:20,0,0,0
BRDA:20,0,1,0
BRDA:26,1,0,0
BRDA:26,1,1,0
BRDA:28,2,0,0
BRDA:28,2,1,0
BRDA:49,3,0,0
BRDA:49,3,1,0
BRDA:52,4,0,0
BRDA:52,4,1,0
BRDA:54,5,0,0
BRDA:54,5,1,0
BRDA:60,6,0,0
BRDA:60,6,1,0
BRF:14
BRH:0
end_of_record
TN:
SF:src/app/api/users/me/route.ts
FN:22,GET
FN:72,PATCH
FNF:2
FNH:0
FNDA:0,GET
FNDA:0,PATCH
DA:23,0
DA:24,0
DA:25,0
DA:28,0
DA:34,0
DA:36,0
DA:37,0
DA:47,0
DA:49,0
DA:54,0
DA:57,0
DA:62,0
DA:73,0
DA:74,0
DA:77,0
DA:78,0
DA:82,0
DA:83,0
DA:90,0
DA:91,0
DA:93,0
DA:99,0
DA:100,0
DA:107,0
DA:108,0
DA:116,0
DA:122,0
DA:123,0
DA:128,0
DA:135,0
DA:137,0
DA:142,0
DA:149,0
DA:151,0
LF:34
LH:0
BRDA:34,0,0,0
BRDA:34,0,1,0
BRDA:36,1,0,0
BRDA:36,1,1,0
BRDA:41,2,0,0
BRDA:41,2,1,0
BRDA:42,3,0,0
BRDA:42,3,1,0
BRDA:47,4,0,0
BRDA:47,4,1,0
BRDA:82,5,0,0
BRDA:82,5,1,0
BRDA:99,6,0,0
BRDA:99,6,1,0
BRDA:107,7,0,0
BRDA:107,7,1,0
BRDA:122,8,0,0
BRDA:122,8,1,0
BRDA:122,9,0,0
BRDA:122,9,1,0
BRDA:135,10,0,0
BRDA:135,10,1,0
BRF:22
BRH:0
end_of_record
TN:
SF:src/app/api/verification/resend/route.ts
FN:25,POST
FNF:1
FNH:1
FNDA:3,POST
DA:11,1
DA:26,3
DA:28,3
DA:29,3
DA:34,3
DA:41,3
DA:42,0
DA:43,0
DA:47,0
DA:48,0
DA:51,3
DA:52,3
DA:56,3
DA:57,3
DA:58,0
DA:65,3
DA:66,3
DA:67,1
DA:74,2
DA:77,2
DA:82,2
DA:83,1
DA:87,1
DA:88,1
DA:95,1
DA:96,1
DA:98,1
DA:99,1
DA:105,1
DA:106,0
DA:107,0
DA:112,1
DA:113,1
DA:117,1
DA:120,1
DA:135,1
DA:136,0
DA:137,0
DA:144,1
DA:145,1
DA:152,1
DA:158,1
DA:159,0
DA:160,0
DA:163,0
DA:166,0
DA:167,0
DA:171,0
DA:172,0
DA:179,1
DA:185,1
DA:187,1
DA:190,0
DA:192,0
DA:193,0
DA:199,0
LF:56
LH:36
BRDA:41,0,0,0
BRDA:41,0,1,3
BRDA:41,1,0,3
BRDA:41,1,1,3
BRDA:57,2,0,0
BRDA:57,2,1,3
BRDA:66,3,0,1
BRDA:66,3,1,2
BRDA:82,4,0,1
BRDA:82,4,1,1
BRDA:98,5,0,1
BRDA:98,5,1,0
BRDA:105,6,0,0
BRDA:105,6,1,1
BRDA:105,7,0,1
BRDA:105,7,1,1
BRDA:129,8,0,1
BRDA:129,8,1,0
BRDA:135,9,0,0
BRDA:135,9,1,1
BRDA:149,10,0,1
BRDA:149,10,1,0
BRDA:158,11,0,0
BRDA:158,11,1,1
BRDA:166,12,0,0
BRDA:166,12,1,0
BRDA:171,13,0,0
BRDA:171,13,1,0
BRDA:192,14,0,0
BRDA:192,14,1,0
BRF:30
BRH:16
end_of_record
TN:
SF:src/app/api/verification/send/route.ts
FN:39,POST
FNF:1
FNH:1
FNDA:8,POST
DA:22,1
DA:24,1
DA:40,8
DA:42,8
DA:43,8
DA:50,8
DA:57,8
DA:58,1
DA:59,1
DA:63,1
DA:64,1
DA:67,7
DA:68,7
DA:70,7
DA:71,7
DA:75,7
DA:76,7
DA:77,0
DA:84,7
DA:85,7
DA:87,7
DA:88,1
DA:89,1
DA:96,6
DA:99,6
DA:106,6
DA:114,8
DA:122,6
DA:123,0
DA:125,0
DA:132,6
DA:133,6
DA:135,6
DA:136,5
DA:142,5
DA:143,0
DA:144,0
DA:150,5
DA:151,5
DA:155,5
DA:156,5
DA:161,0
DA:164,0
DA:166,0
DA:167,0
DA:172,0
DA:190,0
DA:191,0
DA:200,6
DA:201,6
DA:204,8
DA:219,6
DA:224,8
DA:225,0
DA:227,0
DA:235,6
DA:236,6
DA:252,6
DA:260,6
DA:261,0
DA:262,0
DA:265,0
DA:268,0
DA:269,0
DA:273,0
DA:275,0
DA:282,6
DA:288,6
DA:290,6
DA:293,0
DA:295,0
DA:296,0
DA:302,0
LF:73
LH:48
BRDA:57,0,0,1
BRDA:57,0,1,7
BRDA:57,1,0,8
BRDA:57,1,1,8
BRDA:76,2,0,0
BRDA:76,2,1,7
BRDA:87,3,0,1
BRDA:87,3,1,6
BRDA:110,4,0,6
BRDA:110,4,1,6
BRDA:122,5,0,0
BRDA:122,5,1,6
BRDA:122,6,0,6
BRDA:122,6,1,6
BRDA:122,6,2,6
BRDA:135,7,0,5
BRDA:135,7,1,1
BRDA:142,8,0,0
BRDA:142,8,1,5
BRDA:142,9,0,5
BRDA:142,9,1,5
BRDA:156,10,0,0
BRDA:156,10,1,5
BRDA:161,11,0,0
BRDA:161,11,1,0
BRDA:166,12,0,0
BRDA:166,12,1,0
BRDA:173,13,0,0
BRDA:173,13,1,0
BRDA:176,14,0,0
BRDA:176,14,1,0
BRDA:179,15,0,0
BRDA:179,15,1,0
BRDA:179,15,2,0
BRDA:180,16,0,0
BRDA:180,16,1,0
BRDA:190,17,0,0
BRDA:190,17,1,0
BRDA:201,18,0,0
BRDA:201,18,1,6
BRDA:213,19,0,6
BRDA:213,19,1,0
BRDA:221,20,0,0
BRDA:221,20,1,6
BRDA:224,21,0,0
BRDA:224,21,1,8
BRDA:247,22,0,6
BRDA:247,22,1,0
BRDA:260,23,0,0
BRDA:260,23,1,6
BRDA:268,24,0,0
BRDA:268,24,1,0
BRDA:273,25,0,0
BRDA:273,25,1,0
BRDA:295,26,0,0
BRDA:295,26,1,0
BRF:56
BRH:25
end_of_record
TN:
SF:src/app/api/verification/verify/route.ts
FN:24,addTimingProtection
FN:26,(anonymous_1)
FN:29,POST
FNF:3
FNH:3
FNDA:5,addTimingProtection
FNDA:5,(anonymous_1)
FNDA:5,POST
DA:9,1
DA:25,5
DA:26,5
DA:30,5
DA:32,5
DA:34,5
DA:35,5
DA:40,5
DA:47,5
DA:48,0
DA:49,0
DA:53,0
DA:54,0
DA:57,5
DA:58,5
DA:61,5
DA:62,5
DA:64,0
DA:66,0
DA:73,3
DA:76,3
DA:84,3
DA:86,3
DA:88,0
DA:97,0
DA:98,0
DA:105,0
DA:107,0
DA:116,3
DA:119,3
DA:121,1
DA:125,1
DA:127,1
DA:134,2
DA:136,1
DA:138,1
DA:148,1
DA:156,1
DA:157,0
DA:160,0
DA:163,0
DA:173,1
DA:174,1
DA:177,1
DA:179,1
DA:180,0
DA:189,0
DA:190,0
DA:194,0
DA:198,0
DA:199,0
DA:200,0
DA:201,0
DA:206,0
DA:210,1
DA:212,1
DA:218,1
DA:220,1
DA:223,2
DA:226,2
DA:228,2
DA:229,2
DA:235,0
LF:63
LH:39
BRDA:24,0,0,5
BRDA:47,1,0,0
BRDA:47,1,1,5
BRDA:47,2,0,5
BRDA:47,2,1,5
BRDA:62,3,0,0
BRDA:62,3,1,5
BRDA:86,4,0,0
BRDA:86,4,1,3
BRDA:86,5,0,3
BRDA:86,5,1,3
BRDA:97,6,0,0
BRDA:97,6,1,0
BRDA:100,7,0,0
BRDA:100,7,1,0
BRDA:119,8,0,1
BRDA:119,8,1,2
BRDA:134,9,0,1
BRDA:134,9,1,1
BRDA:134,10,0,2
BRDA:134,10,1,1
BRDA:156,11,0,0
BRDA:156,11,1,1
BRDA:179,12,0,0
BRDA:179,12,1,1
BRDA:189,13,0,0
BRDA:189,13,1,0
BRDA:198,14,0,0
BRDA:198,14,1,0
BRDA:200,15,0,0
BRDA:200,15,1,0
BRDA:228,16,0,2
BRDA:228,16,1,0
BRF:33
BRH:17
end_of_record
TN:
SF:src/app/api/verify-phone/send-code/route.ts
FN:27,POST
FNF:1
FNH:0
FNDA:0,POST
DA:23,0
DA:28,0
DA:30,0
DA:31,0
DA:33,0
DA:34,0
DA:41,0
DA:44,0
DA:45,0
DA:46,0
DA:55,0
DA:58,0
DA:60,0
DA:61,0
DA:67,0
DA:72,0
DA:73,0
LF:17
LH:0
BRDA:33,0,0,0
BRDA:33,0,1,0
BRDA:33,1,0,0
BRDA:33,1,1,0
BRDA:45,2,0,0
BRDA:45,2,1,0
BRDA:60,3,0,0
BRDA:60,3,1,0
BRF:8
BRH:0
end_of_record
TN:
SF:src/app/api/verify-phone/validate-code/route.ts
FN:28,POST
FNF:1
FNH:0
FNDA:0,POST
DA:23,0
DA:29,0
DA:31,0
DA:32,0
DA:34,0
DA:35,0
DA:42,0
DA:45,0
DA:46,0
DA:47,0
DA:56,0
DA:59,0
DA:61,0
DA:62,0
DA:68,0
DA:72,0
DA:73,0
LF:17
LH:0
BRDA:34,0,0,0
BRDA:34,0,1,0
BRDA:34,1,0,0
BRDA:34,1,1,0
BRDA:46,2,0,0
BRDA:46,2,1,0
BRDA:61,3,0,0
BRDA:61,3,1,0
BRF:8
BRH:0
end_of_record
TN:
SF:src/app/api/webhooks/gumroad/route.ts
FN:29,GET
FN:33,POST
FNF:2
FNH:0
FNDA:0,GET
FNDA:0,POST
DA:21,0
DA:30,0
DA:34,0
DA:35,0
DA:38,0
DA:39,0
DA:41,0
DA:42,0
DA:45,0
DA:47,0
DA:48,0
DA:49,0
DA:51,0
DA:52,0
DA:56,0
DA:58,0
DA:59,0
DA:63,0
DA:66,0
DA:69,0
DA:73,0
DA:76,0
DA:82,0
DA:84,0
DA:85,0
LF:25
LH:0
BRDA:34,0,0,0
BRDA:34,0,1,0
BRDA:41,1,0,0
BRDA:41,1,1,0
BRDA:41,2,0,0
BRDA:41,2,1,0
BRDA:51,3,0,0
BRDA:51,3,1,0
BRDA:58,4,0,0
BRDA:58,4,1,0
BRDA:66,5,0,0
BRDA:66,5,1,0
BRF:12
BRH:0
end_of_record
TN:
SF:src/app/api/webhooks/notifyhub/route.ts
FN:44,POST
FNF:1
FNH:1
FNDA:8,POST
DA:34,1
DA:42,1
DA:45,8
DA:46,8
DA:49,1
DA:55,7
DA:57,7
DA:64,7
DA:65,2
DA:66,2
DA:70,5
DA:71,5
DA:73,1
DA:78,4
DA:83,8
DA:84,0
DA:87,0
DA:90,4
DA:91,1
DA:92,1
DA:95,3
DA:96,0
DA:99,3
DA:103,3
DA:105,3
DA:107,1
DA:111,1
DA:114,1
DA:117,1
DA:125,0
DA:126,0
LF:31
LH:26
BRDA:46,0,0,1
BRDA:46,0,1,7
BRDA:64,1,0,2
BRDA:64,1,1,5
BRDA:78,2,0,4
BRDA:78,2,1,0
BRDA:83,3,0,0
BRDA:83,3,1,8
BRDA:90,4,0,1
BRDA:90,4,1,3
BRDA:95,5,0,0
BRDA:95,5,1,3
BRDA:95,6,0,3
BRDA:95,6,1,3
BRDA:105,7,0,3
BRDA:105,7,1,1
BRDA:105,7,2,1
BRF:17
BRH:14
end_of_record
TN:
SF:src/app/auth/layout.tsx
FN:8,AuthLayout
FNF:1
FNH:0
FNDA:0,AuthLayout
DA:3,0
DA:13,0
LF:2
LH:0
BRF:0
BRH:0
end_of_record
TN:
SF:src/app/auth/callback/route.ts
FN:18,GET
FNF:1
FNH:0
FNDA:0,GET
DA:19,0
DA:20,0
DA:21,0
DA:22,0
DA:23,0
DA:26,0
DA:27,0
DA:31,0
DA:32,0
DA:38,0
DA:43,0
DA:44,0
DA:45,0
DA:48,0
DA:50,0
DA:51,0
DA:52,0
DA:57,0
DA:59,0
DA:69,0
DA:74,0
DA:75,0
DA:77,0
DA:78,0
DA:79,0
DA:80,0
DA:82,0
DA:86,0
DA:87,0
DA:94,0
DA:95,0
LF:31
LH:0
BRDA:23,0,0,0
BRDA:23,0,1,0
BRDA:26,1,0,0
BRDA:26,1,1,0
BRDA:31,2,0,0
BRDA:31,2,1,0
BRDA:43,3,0,0
BRDA:43,3,1,0
BRDA:50,4,0,0
BRDA:50,4,1,0
BRDA:57,5,0,0
BRDA:57,5,1,0
BRDA:69,6,0,0
BRDA:69,6,1,0
BRDA:77,7,0,0
BRDA:77,7,1,0
BRDA:79,8,0,0
BRDA:79,8,1,0
BRF:18
BRH:0
end_of_record
TN:
SF:src/app/auth/forgot-password/page.tsx
FN:10,ForgotPasswordPage
FN:17,(anonymous_1)
FN:90,(anonymous_2)
FNF:3
FNH:0
FNDA:0,ForgotPasswordPage
FNDA:0,(anonymous_1)
FNDA:0,(anonymous_2)
DA:11,0
DA:12,0
DA:13,0
DA:14,0
DA:15,0
DA:17,0
DA:18,0
DA:19,0
DA:20,0
DA:22,0
DA:23,0
DA:27,0
DA:28,0
DA:29,0
DA:30,0
DA:33,0
DA:34,0
DA:36,0
DA:37,0
DA:41,0
DA:42,0
DA:69,0
DA:90,0
LF:23
LH:0
BRDA:27,0,0,0
BRDA:27,0,1,0
BRDA:41,1,0,0
BRDA:41,1,1,0
BRDA:100,2,0,0
BRDA:100,2,1,0
BRDA:110,3,0,0
BRDA:110,3,1,0
BRDA:112,4,0,0
BRDA:112,4,1,0
BRF:10
BRH:0
end_of_record
TN:
SF:src/app/auth/login/page.tsx
FN:12,LoginPage
FN:20,(anonymous_1)
FN:45,(anonymous_2)
FN:46,(anonymous_3)
FN:47,(anonymous_4)
FN:79,(anonymous_5)
FN:99,(anonymous_6)
FNF:7
FNH:0
FNDA:0,LoginPage
FNDA:0,(anonymous_1)
FNDA:0,(anonymous_2)
FNDA:0,(anonymous_3)
FNDA:0,(anonymous_4)
FNDA:0,(anonymous_5)
FNDA:0,(anonymous_6)
DA:13,0
DA:14,0
DA:15,0
DA:16,0
DA:17,0
DA:18,0
DA:20,0
DA:21,0
DA:22,0
DA:23,0
DA:25,0
DA:26,0
DA:31,0
DA:32,0
DA:33,0
DA:35,0
DA:37,0
DA:38,0
DA:41,0
DA:44,0
DA:45,0
DA:46,0
DA:47,0
DA:49,0
DA:50,0
DA:53,0
DA:54,0
DA:58,0
DA:79,0
DA:99,0
LF:30
LH:0
BRDA:31,0,0,0
BRDA:31,0,1,0
BRDA:32,1,0,0
BRDA:32,1,1,0
BRDA:41,2,0,0
BRDA:41,2,1,0
BRDA:45,3,0,0
BRDA:45,3,1,0
BRDA:49,4,0,0
BRDA:49,4,1,0
BRDA:108,5,0,0
BRDA:108,5,1,0
BRDA:127,6,0,0
BRDA:127,6,1,0
BRDA:127,6,2,0
BRDA:129,7,0,0
BRDA:129,7,1,0
BRF:17
BRH:0
end_of_record
TN:
SF:src/app/auth/register/page.tsx
FN:13,RegisterPage
FN:25,(anonymous_1)
FN:41,(anonymous_2)
FN:105,(anonymous_3)
FN:137,(anonymous_4)
FN:183,(anonymous_5)
FN:203,(anonymous_6)
FN:223,(anonymous_7)
FN:244,(anonymous_8)
FN:257,(anonymous_9)
FNF:10
FNH:0
FNDA:0,RegisterPage
FNDA:0,(anonymous_1)
FNDA:0,(anonymous_2)
FNDA:0,(anonymous_3)
FNDA:0,(anonymous_4)
FNDA:0,(anonymous_5)
FNDA:0,(anonymous_6)
FNDA:0,(anonymous_7)
FNDA:0,(anonymous_8)
FNDA:0,(anonymous_9)
DA:14,0
DA:15,0
DA:16,0
DA:17,0
DA:18,0
DA:19,0
DA:20,0
DA:21,0
DA:22,0
DA:23,0
DA:25,0
DA:26,0
DA:27,0
DA:29,0
DA:30,0
DA:32,0
DA:33,0
DA:35,0
DA:36,0
DA:38,0
DA:41,0
DA:42,0
DA:43,0
DA:44,0
DA:47,0
DA:48,0
DA:49,0
DA:50,0
DA:53,0
DA:54,0
DA:55,0
DA:56,0
DA:59,0
DA:60,0
DA:61,0
DA:62,0
DA:63,0
DA:66,0
DA:68,0
DA:78,0
DA:79,0
DA:80,0
DA:82,0
DA:84,0
DA:85,0
DA:88,0
DA:90,0
DA:99,0
DA:100,0
DA:103,0
DA:105,0
DA:106,0
DA:107,0
DA:111,0
DA:112,0
DA:116,0
DA:117,0
DA:134,0
DA:138,0
DA:162,0
DA:183,0
DA:203,0
DA:223,0
DA:244,0
DA:257,0
LF:65
LH:0
BRDA:26,0,0,0
BRDA:26,0,1,0
BRDA:29,1,0,0
BRDA:29,1,1,0
BRDA:32,2,0,0
BRDA:32,2,1,0
BRDA:35,3,0,0
BRDA:35,3,1,0
BRDA:47,4,0,0
BRDA:47,4,1,0
BRDA:53,5,0,0
BRDA:53,5,1,0
BRDA:60,6,0,0
BRDA:60,6,1,0
BRDA:78,7,0,0
BRDA:78,7,1,0
BRDA:79,8,0,0
BRDA:79,8,1,0
BRDA:88,9,0,0
BRDA:88,9,1,0
BRDA:99,10,0,0
BRDA:99,10,1,0
BRDA:116,11,0,0
BRDA:116,11,1,0
BRDA:134,12,0,0
BRDA:134,12,1,0
BRDA:141,13,0,0
BRDA:141,13,1,0
BRDA:142,14,0,0
BRDA:142,14,1,0
BRDA:144,15,0,0
BRDA:144,15,1,0
BRDA:153,16,0,0
BRDA:153,16,1,0
BRDA:155,17,0,0
BRDA:155,17,1,0
BRDA:275,18,0,0
BRDA:275,18,1,0
BRDA:285,19,0,0
BRDA:285,19,1,0
BRDA:285,19,2,0
BRDA:285,19,3,0
BRDA:285,19,4,0
BRDA:285,19,5,0
BRDA:287,20,0,0
BRDA:287,20,1,0
BRF:46
BRH:0
end_of_record
TN:
SF:src/app/dashboard/layout.tsx
FN:12,DashboardLayout
FN:23,(anonymous_1)
FN:24,(anonymous_2)
FN:40,(anonymous_3)
FN:63,(anonymous_4)
FN:74,(anonymous_5)
FNF:6
FNH:0
FNDA:0,DashboardLayout
FNDA:0,(anonymous_1)
FNDA:0,(anonymous_2)
FNDA:0,(anonymous_3)
FNDA:0,(anonymous_4)
FNDA:0,(anonymous_5)
DA:17,0
DA:18,0
DA:19,0
DA:20,0
DA:23,0
DA:24,0
DA:27,0
DA:29,0
DA:30,0
DA:32,0
DA:36,0
DA:40,0
DA:41,0
DA:44,0
DA:45,0
DA:55,0
DA:63,0
DA:74,0
LF:18
LH:0
BRDA:29,0,0,0
BRDA:29,0,1,0
BRDA:44,1,0,0
BRDA:44,1,1,0
BRF:4
BRH:0
end_of_record
TN:
SF:src/app/dashboard/loading.tsx
FN:3,DashboardLoading
FNF:1
FNH:0
FNDA:0,DashboardLoading
DA:4,0
LF:1
LH:0
BRF:0
BRH:0
end_of_record
TN:
SF:src/app/dashboard/page.tsx
FN:14,DashboardPage
FN:42,(anonymous_1)
FN:44,(anonymous_2)
FN:54,(anonymous_3)
FNF:4
FNH:0
FNDA:0,DashboardPage
FNDA:0,(anonymous_1)
FNDA:0,(anonymous_2)
FNDA:0,(anonymous_3)
DA:9,0
DA:15,0
DA:19,0
DA:21,0
DA:22,0
DA:27,0
DA:35,0
DA:42,0
DA:44,0
DA:45,0
DA:46,0
DA:47,0
DA:50,0
DA:54,0
DA:55,0
DA:56,0
DA:59,0
LF:17
LH:0
BRDA:21,0,0,0
BRDA:21,0,1,0
BRDA:42,1,0,0
BRDA:42,1,1,0
BRDA:42,2,0,0
BRDA:42,2,1,0
BRDA:44,3,0,0
BRDA:44,3,1,0
BRDA:50,4,0,0
BRDA:50,4,1,0
BRDA:54,5,0,0
BRDA:54,5,1,0
BRDA:68,6,0,0
BRDA:68,6,1,0
BRDA:72,7,0,0
BRDA:72,7,1,0
BRDA:77,8,0,0
BRDA:77,8,1,0
BRDA:77,8,2,0
BRF:19
BRH:0
end_of_record
TN:
SF:src/app/dashboard/add-vehicle/page.tsx
FN:11,(anonymous_0)
FN:15,(anonymous_1)
FN:21,AddVehiclePage
FN:30,(anonymous_3)
FN:41,(anonymous_4)
FN:128,(anonymous_5)
FN:154,(anonymous_6)
FN:167,(anonymous_7)
FNF:8
FNH:0
FNDA:0,(anonymous_0)
FNDA:0,(anonymous_1)
FNDA:0,AddVehiclePage
FNDA:0,(anonymous_3)
FNDA:0,(anonymous_4)
FNDA:0,(anonymous_5)
FNDA:0,(anonymous_6)
FNDA:0,(anonymous_7)
DA:11,0
DA:12,0
DA:15,0
DA:16,0
DA:17,0
DA:18,0
DA:22,0
DA:23,0
DA:24,0
DA:25,0
DA:26,0
DA:27,0
DA:28,0
DA:30,0
DA:31,0
DA:32,0
DA:34,0
DA:35,0
DA:37,0
DA:41,0
DA:42,0
DA:43,0
DA:45,0
DA:46,0
DA:47,0
DA:50,0
DA:51,0
DA:52,0
DA:55,0
DA:56,0
DA:57,0
DA:59,0
DA:60,0
DA:61,0
DA:64,0
DA:66,0
DA:67,0
DA:77,0
DA:78,0
DA:79,0
DA:82,0
DA:83,0
DA:85,0
DA:86,0
DA:88,0
DA:92,0
DA:128,0
DA:154,0
DA:167,0
LF:49
LH:0
BRDA:18,0,0,0
BRDA:18,0,1,0
BRDA:34,1,0,0
BRDA:34,1,1,0
BRDA:34,2,0,0
BRDA:34,2,1,0
BRDA:34,2,2,0
BRDA:45,3,0,0
BRDA:45,3,1,0
BRDA:50,4,0,0
BRDA:50,4,1,0
BRDA:59,5,0,0
BRDA:59,5,1,0
BRDA:77,6,0,0
BRDA:77,6,1,0
BRDA:79,7,0,0
BRDA:79,7,1,0
BRDA:86,8,0,0
BRDA:86,8,1,0
BRDA:131,9,0,0
BRDA:131,9,1,0
BRDA:136,10,0,0
BRDA:136,10,1,0
BRDA:182,11,0,0
BRDA:182,11,1,0
BRDA:193,12,0,0
BRDA:193,12,1,0
BRDA:195,13,0,0
BRDA:195,13,1,0
BRF:29
BRH:0
end_of_record
TN:
SF:src/app/dashboard/profile/page.tsx
FN:44,ProfilePage
FN:50,(anonymous_1)
FN:54,(anonymous_2)
FN:80,(anonymous_3)
FN:84,(anonymous_4)
FN:90,(anonymous_5)
FN:98,(anonymous_6)
FN:130,(anonymous_7)
FN:220,(anonymous_8)
FN:249,(anonymous_9)
FN:265,(anonymous_10)
FN:278,(anonymous_11)
FN:286,(anonymous_12)
FN:294,(anonymous_13)
FN:302,(anonymous_14)
FNF:15
FNH:0
FNDA:0,ProfilePage
FNDA:0,(anonymous_1)
FNDA:0,(anonymous_2)
FNDA:0,(anonymous_3)
FNDA:0,(anonymous_4)
FNDA:0,(anonymous_5)
FNDA:0,(anonymous_6)
FNDA:0,(anonymous_7)
FNDA:0,(anonymous_8)
FNDA:0,(anonymous_9)
FNDA:0,(anonymous_10)
FNDA:0,(anonymous_11)
FNDA:0,(anonymous_12)
FNDA:0,(anonymous_13)
FNDA:0,(anonymous_14)
DA:45,0
DA:46,0
DA:47,0
DA:48,0
DA:50,0
DA:51,0
DA:54,0
DA:55,0
DA:56,0
DA:61,0
DA:66,0
DA:67,0
DA:70,0
DA:71,0
DA:74,0
DA:76,0
DA:80,0
DA:81,0
DA:82,0
DA:84,0
DA:90,0
DA:91,0
DA:98,0
DA:99,0
DA:100,0
DA:101,0
DA:102,0
DA:105,0
DA:106,0
DA:113,0
DA:114,0
DA:126,0
DA:130,0
DA:221,0
DA:249,0
DA:265,0
DA:278,0
DA:286,0
DA:294,0
DA:302,0
LF:40
LH:0
BRDA:66,0,0,0
BRDA:66,0,1,0
BRDA:70,1,0,0
BRDA:70,1,1,0
BRDA:81,2,0,0
BRDA:81,2,1,0
BRDA:99,3,0,0
BRDA:99,3,1,0
BRDA:100,4,0,0
BRDA:100,4,1,0
BRDA:101,5,0,0
BRDA:101,5,1,0
BRDA:105,6,0,0
BRDA:105,6,1,0
BRDA:113,7,0,0
BRDA:113,7,1,0
BRDA:141,8,0,0
BRDA:141,8,1,0
BRDA:156,9,0,0
BRDA:156,9,1,0
BRDA:161,10,0,0
BRDA:161,10,1,0
BRDA:161,10,2,0
BRDA:168,11,0,0
BRDA:168,11,1,0
BRDA:168,12,0,0
BRDA:168,12,1,0
BRDA:170,13,0,0
BRDA:170,13,1,0
BRDA:185,14,0,0
BRDA:185,14,1,0
BRDA:195,15,0,0
BRDA:195,15,1,0
BRDA:203,16,0,0
BRDA:203,16,1,0
BRDA:213,17,0,0
BRDA:213,17,1,0
BRDA:213,17,2,0
BRDA:235,18,0,0
BRDA:235,18,1,0
BRDA:237,19,0,0
BRDA:237,19,1,0
BRDA:245,20,0,0
BRDA:245,20,1,0
BRDA:258,21,0,0
BRDA:258,21,1,0
BRDA:258,21,2,0
BRF:47
BRH:0
end_of_record
TN:
SF:src/app/dashboard/reminders/page.tsx
FN:8,RemindersPage
FNF:1
FNH:0
FNDA:0,RemindersPage
DA:3,0
DA:9,0
LF:2
LH:0
BRF:0
BRH:0
end_of_record
TN:
SF:src/app/dashboard/reminders/[id]/page.tsx
FN:12,getReminder
FN:34,ReminderDetailPage
FN:124,(anonymous_2)
FNF:3
FNH:0
FNDA:0,getReminder
FNDA:0,ReminderDetailPage
FNDA:0,(anonymous_2)
DA:13,0
DA:15,0
DA:21,0
DA:22,0
DA:25,0
DA:28,0
DA:39,0
DA:41,0
DA:125,0
LF:9
LH:0
BRDA:21,0,0,0
BRDA:21,0,1,0
BRDA:112,1,0,0
BRDA:112,1,1,0
BRDA:115,2,0,0
BRDA:115,2,1,0
BRDA:126,3,0,0
BRDA:126,3,1,0
BRDA:132,4,0,0
BRDA:132,4,1,0
BRDA:139,5,0,0
BRDA:139,5,1,0
BRF:12
BRH:0
end_of_record
TN:
SF:src/app/dashboard/reminders/[id]/edit/page.tsx
FN:7,getReminder
FN:23,updateReminder
FN:49,EditReminderPage
FN:74,(anonymous_3)
FNF:4
FNH:0
FNDA:0,getReminder
FNDA:0,updateReminder
FNDA:0,EditReminderPage
FNDA:0,(anonymous_3)
DA:8,0
DA:10,0
DA:16,0
DA:17,0
DA:20,0
DA:24,0
DA:26,0
DA:28,0
DA:42,0
DA:43,0
DA:46,0
DA:54,0
DA:56,0
DA:74,0
LF:14
LH:0
BRDA:16,0,0,0
BRDA:16,0,1,0
BRDA:42,1,0,0
BRDA:42,1,1,0
BRF:4
BRH:0
end_of_record
TN:
SF:src/app/dashboard/reminders/new/page.tsx
FN:15,NewReminderRedirect
FNF:1
FNH:0
FNDA:0,NewReminderRedirect
DA:16,0
LF:1
LH:0
BRF:0
BRH:0
end_of_record
TN:
SF:src/app/dashboard/settings/page.tsx
FN:13,SettingsPage
FNF:1
FNH:0
FNDA:0,SettingsPage
DA:14,0
DA:15,0
DA:18,0
DA:19,0
DA:80,0
LF:5
LH:0
BRDA:18,0,0,0
BRDA:18,0,1,0
BRF:2
BRH:0
end_of_record
TN:
SF:src/app/dashboard/verify-phone/page.tsx
FN:31,VerifyPhonePage
FN:44,(anonymous_1)
FN:45,checkVerification
FN:67,(anonymous_3)
FN:69,(anonymous_4)
FN:70,(anonymous_5)
FN:77,handleSendCode
FN:130,handleValidateCode
FN:171,(anonymous_8)
FN:189,normalizePhone
FN:206,handleSkip
FN:237,(anonymous_11)
FN:291,(anonymous_12)
FN:325,(anonymous_13)
FN:341,(anonymous_14)
FNF:15
FNH:0
FNDA:0,VerifyPhonePage
FNDA:0,(anonymous_1)
FNDA:0,checkVerification
FNDA:0,(anonymous_3)
FNDA:0,(anonymous_4)
FNDA:0,(anonymous_5)
FNDA:0,handleSendCode
FNDA:0,handleValidateCode
FNDA:0,(anonymous_8)
FNDA:0,normalizePhone
FNDA:0,handleSkip
FNDA:0,(anonymous_11)
FNDA:0,(anonymous_12)
FNDA:0,(anonymous_13)
FNDA:0,(anonymous_14)
DA:32,0
DA:33,0
DA:34,0
DA:36,0
DA:37,0
DA:38,0
DA:39,0
DA:40,0
DA:41,0
DA:44,0
DA:46,0
DA:47,0
DA:48,0
DA:49,0
DA:52,0
DA:58,0
DA:59,0
DA:63,0
DA:67,0
DA:68,0
DA:69,0
DA:70,0
DA:78,0
DA:79,0
DA:84,0
DA:87,0
DA:89,0
DA:90,0
DA:96,0
DA:98,0
DA:99,0
DA:104,0
DA:107,0
DA:108,0
DA:109,0
DA:111,0
DA:116,0
DA:117,0
DA:123,0
DA:131,0
DA:132,0
DA:137,0
DA:140,0
DA:142,0
DA:143,0
DA:152,0
DA:154,0
DA:155,0
DA:160,0
DA:164,0
DA:171,0
DA:172,0
DA:175,0
DA:176,0
DA:182,0
DA:190,0
DA:192,0
DA:193,0
DA:194,0
DA:195,0
DA:196,0
DA:197,0
DA:200,0
DA:207,0
DA:210,0
DA:237,0
DA:291,0
DA:326,0
DA:327,0
DA:341,0
LF:70
LH:0
BRDA:47,0,0,0
BRDA:47,0,1,0
BRDA:58,1,0,0
BRDA:58,1,1,0
BRDA:68,2,0,0
BRDA:68,2,1,0
BRDA:78,3,0,0
BRDA:78,3,1,0
BRDA:78,4,0,0
BRDA:78,4,1,0
BRDA:98,5,0,0
BRDA:98,5,1,0
BRDA:102,6,0,0
BRDA:102,6,1,0
BRDA:131,7,0,0
BRDA:131,7,1,0
BRDA:131,8,0,0
BRDA:131,8,1,0
BRDA:154,9,0,0
BRDA:154,9,1,0
BRDA:158,10,0,0
BRDA:158,10,1,0
BRDA:192,11,0,0
BRDA:192,11,1,0
BRDA:194,12,0,0
BRDA:194,12,1,0
BRDA:196,13,0,0
BRDA:196,13,1,0
BRDA:219,14,0,0
BRDA:219,14,1,0
BRDA:226,15,0,0
BRDA:226,15,1,0
BRDA:249,16,0,0
BRDA:249,16,1,0
BRDA:249,16,2,0
BRDA:252,17,0,0
BRDA:252,17,1,0
BRDA:304,18,0,0
BRDA:304,18,1,0
BRDA:307,19,0,0
BRDA:307,19,1,0
BRDA:329,20,0,0
BRDA:329,20,1,0
BRDA:331,21,0,0
BRDA:331,21,1,0
BRF:45
BRH:0
end_of_record
TN:
SF:src/app/kiosk/layout.tsx
FN:31,KioskRootLayout
FNF:1
FNH:0
FNDA:0,KioskRootLayout
DA:6,0
DA:8,0
DA:23,0
DA:36,0
LF:4
LH:0
BRF:0
BRH:0
end_of_record
TN:
SF:src/app/kiosk/page.tsx
FN:10,KioskSelectionPage
FN:61,(anonymous_1)
FNF:2
FNH:0
FNDA:0,KioskSelectionPage
FNDA:0,(anonymous_1)
DA:5,0
DA:11,0
DA:13,0
DA:19,0
DA:20,0
DA:23,0
DA:62,0
LF:7
LH:0
BRDA:19,0,0,0
BRDA:19,0,1,0
BRDA:39,1,0,0
BRDA:39,1,1,0
BRDA:39,2,0,0
BRDA:39,2,1,0
BRDA:56,3,0,0
BRDA:56,3,1,0
BRDA:78,4,0,0
BRDA:78,4,1,0
BRDA:84,5,0,0
BRDA:84,5,1,0
BRF:12
BRH:0
end_of_record
TN:
SF:src/app/kiosk/[station_slug]/page.tsx
FN:45,(anonymous_0)
FN:47,(anonymous_1)
FN:54,(anonymous_2)
FN:63,(anonymous_3)
FN:79,(anonymous_4)
FN:83,(anonymous_5)
FN:85,(anonymous_6)
FN:89,(anonymous_7)
FN:113,(anonymous_8)
FN:133,(anonymous_9)
FN:144,(anonymous_10)
FN:165,(anonymous_11)
FN:235,(anonymous_12)
FN:261,KioskPage
FN:284,(anonymous_14)
FN:287,(anonymous_15)
FN:293,(anonymous_16)
FN:294,fetchStation
FN:311,(anonymous_18)
FN:334,(anonymous_19)
FN:337,(anonymous_20)
FN:343,(anonymous_21)
FN:349,(anonymous_22)
FN:358,(anonymous_23)
FN:363,(anonymous_24)
FN:366,(anonymous_25)
FN:367,(anonymous_26)
FN:370,(anonymous_27)
FN:374,(anonymous_28)
FN:376,(anonymous_29)
FN:381,(anonymous_30)
FN:383,(anonymous_31)
FN:388,(anonymous_32)
FN:389,(anonymous_33)
FN:393,(anonymous_34)
FN:418,(anonymous_35)
FN:507,(anonymous_36)
FN:538,(anonymous_37)
FN:539,(anonymous_38)
FN:546,(anonymous_39)
FN:591,(anonymous_40)
FN:613,(anonymous_41)
FN:638,(anonymous_42)
FN:645,(anonymous_43)
FN:660,(anonymous_44)
FN:692,(anonymous_45)
FN:739,(anonymous_46)
FN:745,(anonymous_47)
FN:754,(anonymous_48)
FN:810,(anonymous_49)
FN:831,(anonymous_50)
FN:859,(anonymous_51)
FN:912,(anonymous_52)
FNF:53
FNH:0
FNDA:0,(anonymous_0)
FNDA:0,(anonymous_1)
FNDA:0,(anonymous_2)
FNDA:0,(anonymous_3)
FNDA:0,(anonymous_4)
FNDA:0,(anonymous_5)
FNDA:0,(anonymous_6)
FNDA:0,(anonymous_7)
FNDA:0,(anonymous_8)
FNDA:0,(anonymous_9)
FNDA:0,(anonymous_10)
FNDA:0,(anonymous_11)
FNDA:0,(anonymous_12)
FNDA:0,KioskPage
FNDA:0,(anonymous_14)
FNDA:0,(anonymous_15)
FNDA:0,(anonymous_16)
FNDA:0,fetchStation
FNDA:0,(anonymous_18)
FNDA:0,(anonymous_19)
FNDA:0,(anonymous_20)
FNDA:0,(anonymous_21)
FNDA:0,(anonymous_22)
FNDA:0,(anonymous_23)
FNDA:0,(anonymous_24)
FNDA:0,(anonymous_25)
FNDA:0,(anonymous_26)
FNDA:0,(anonymous_27)
FNDA:0,(anonymous_28)
FNDA:0,(anonymous_29)
FNDA:0,(anonymous_30)
FNDA:0,(anonymous_31)
FNDA:0,(anonymous_32)
FNDA:0,(anonymous_33)
FNDA:0,(anonymous_34)
FNDA:0,(anonymous_35)
FNDA:0,(anonymous_36)
FNDA:0,(anonymous_37)
FNDA:0,(anonymous_38)
FNDA:0,(anonymous_39)
FNDA:0,(anonymous_40)
FNDA:0,(anonymous_41)
FNDA:0,(anonymous_42)
FNDA:0,(anonymous_43)
FNDA:0,(anonymous_44)
FNDA:0,(anonymous_45)
FNDA:0,(anonymous_46)
FNDA:0,(anonymous_47)
FNDA:0,(anonymous_48)
FNDA:0,(anonymous_49)
FNDA:0,(anonymous_50)
FNDA:0,(anonymous_51)
FNDA:0,(anonymous_52)
DA:45,0
DA:46,0
DA:48,0
DA:54,0
DA:63,0
DA:79,0
DA:80,0
DA:81,0
DA:84,0
DA:86,0
DA:89,0
DA:112,0
DA:113,0
DA:133,0
DA:143,0
DA:144,0
DA:165,0
DA:182,0
DA:218,0
DA:229,0
DA:235,0
DA:236,0
DA:262,0
DA:263,0
DA:266,0
DA:267,0
DA:268,0
DA:269,0
DA:270,0
DA:277,0
DA:278,0
DA:279,0
DA:280,0
DA:281,0
DA:282,0
DA:284,0
DA:287,0
DA:288,0
DA:289,0
DA:293,0
DA:295,0
DA:296,0
DA:297,0
DA:298,0
DA:299,0
DA:302,0
DA:304,0
DA:307,0
DA:311,0
DA:312,0
DA:313,0
DA:318,0
DA:321,0
DA:330,0
DA:334,0
DA:335,0
DA:337,0
DA:338,0
DA:339,0
DA:340,0
DA:341,0
DA:343,0
DA:347,0
DA:348,0
DA:349,0
DA:350,0
DA:351,0
DA:352,0
DA:353,0
DA:354,0
DA:355,0
DA:358,0
DA:363,0
DA:364,0
DA:366,0
DA:367,0
DA:370,0
DA:374,0
DA:375,0
DA:376,0
DA:377,0
DA:378,0
DA:381,0
DA:382,0
DA:383,0
DA:384,0
DA:385,0
DA:388,0
DA:389,0
DA:390,0
DA:393,0
DA:394,0
DA:396,0
DA:397,0
DA:399,0
DA:400,0
DA:413,0
DA:414,0
DA:415,0
DA:418,0
DA:419,0
DA:421,0
DA:424,0
DA:439,0
DA:440,0
DA:443,0
DA:447,0
DA:448,0
DA:455,0
DA:456,0
DA:463,0
DA:465,0
DA:507,0
DA:538,0
DA:539,0
DA:546,0
DA:592,0
DA:593,0
DA:594,0
DA:614,0
DA:639,0
DA:640,0
DA:641,0
DA:642,0
DA:646,0
DA:647,0
DA:648,0
DA:650,0
DA:652,0
DA:661,0
DA:662,0
DA:663,0
DA:693,0
DA:694,0
DA:695,0
DA:740,0
DA:741,0
DA:742,0
DA:746,0
DA:747,0
DA:754,0
DA:811,0
DA:812,0
DA:831,0
DA:860,0
DA:861,0
DA:862,0
DA:863,0
DA:865,0
DA:913,0
DA:914,0
DA:915,0
LF:152
LH:0
BRDA:114,0,0,0
BRDA:114,0,1,0
BRDA:117,1,0,0
BRDA:117,1,1,0
BRDA:134,2,0,0
BRDA:134,2,1,0
BRDA:137,3,0,0
BRDA:137,3,1,0
BRDA:145,4,0,0
BRDA:145,4,1,0
BRDA:148,5,0,0
BRDA:148,5,1,0
BRDA:166,6,0,0
BRDA:166,6,1,0
BRDA:169,7,0,0
BRDA:169,7,1,0
BRDA:297,8,0,0
BRDA:297,8,1,0
BRDA:312,9,0,0
BRDA:312,9,1,0
BRDA:313,10,0,0
BRDA:313,10,1,0
BRDA:318,11,0,0
BRDA:318,11,1,0
BRDA:321,12,0,0
BRDA:321,12,1,0
BRDA:335,13,0,0
BRDA:335,13,1,0
BRDA:347,14,0,0
BRDA:347,14,1,0
BRDA:347,15,0,0
BRDA:347,15,1,0
BRDA:350,16,0,0
BRDA:350,16,1,0
BRDA:364,17,0,0
BRDA:364,17,1,0
BRDA:394,18,0,0
BRDA:394,18,1,0
BRDA:413,19,0,0
BRDA:413,19,1,0
BRDA:419,20,0,0
BRDA:419,20,1,0
BRDA:419,20,2,0
BRDA:447,21,0,0
BRDA:447,21,1,0
BRDA:455,22,0,0
BRDA:455,22,1,0
BRDA:463,23,0,0
BRDA:463,23,1,0
BRDA:473,24,0,0
BRDA:473,24,1,0
BRDA:473,25,0,0
BRDA:473,25,1,0
BRDA:486,26,0,0
BRDA:486,26,1,0
BRDA:486,26,2,0
BRDA:497,27,0,0
BRDA:497,27,1,0
BRDA:508,28,0,0
BRDA:508,28,1,0
BRDA:515,29,0,0
BRDA:515,29,1,0
BRDA:539,30,0,0
BRDA:539,30,1,0
BRDA:539,30,2,0
BRDA:557,31,0,0
BRDA:557,31,1,0
BRDA:609,32,0,0
BRDA:609,32,1,0
BRDA:625,33,0,0
BRDA:625,33,1,0
BRDA:640,34,0,0
BRDA:640,34,1,0
BRDA:647,35,0,0
BRDA:647,35,1,0
BRDA:679,36,0,0
BRDA:679,36,1,0
BRDA:704,37,0,0
BRDA:704,37,1,0
BRDA:726,38,0,0
BRDA:726,38,1,0
BRDA:740,39,0,0
BRDA:740,39,1,0
BRDA:764,40,0,0
BRDA:764,40,1,0
BRDA:787,41,0,0
BRDA:787,41,1,0
BRDA:819,42,0,0
BRDA:819,42,1,0
BRDA:842,43,0,0
BRDA:842,43,1,0
BRDA:845,44,0,0
BRDA:845,44,1,0
BRDA:851,45,0,0
BRDA:851,45,1,0
BRDA:859,46,0,0
BRDA:859,46,1,0
BRF:97
BRH:0
end_of_record
TN:
SF:src/app/o/page.tsx
FN:9,OptOutContent
FN:20,(anonymous_1)
FN:26,(anonymous_2)
FN:46,(anonymous_3)
FN:127,(anonymous_4)
FN:175,(anonymous_5)
FN:207,OptOutPage
FNF:7
FNH:0
FNDA:0,OptOutContent
FNDA:0,(anonymous_1)
FNDA:0,(anonymous_2)
FNDA:0,(anonymous_3)
FNDA:0,(anonymous_4)
FNDA:0,(anonymous_5)
FNDA:0,OptOutPage
DA:10,0
DA:11,0
DA:13,0
DA:14,0
DA:15,0
DA:16,0
DA:17,0
DA:20,0
DA:21,0
DA:22,0
DA:23,0
DA:26,0
DA:27,0
DA:28,0
DA:29,0
DA:31,0
DA:32,0
DA:33,0
DA:34,0
DA:35,0
DA:39,0
DA:43,0
DA:46,0
DA:47,0
DA:48,0
DA:49,0
DA:52,0
DA:53,0
DA:55,0
DA:56,0
DA:64,0
DA:66,0
DA:67,0
DA:68,0
DA:70,0
DA:73,0
DA:74,0
DA:76,0
DA:80,0
DA:81,0
DA:99,0
DA:100,0
DA:127,0
DA:139,0
DA:175,0
DA:208,0
LF:46
LH:0
BRDA:21,0,0,0
BRDA:21,0,1,0
BRDA:31,1,0,0
BRDA:31,1,1,0
BRDA:33,2,0,0
BRDA:33,2,1,0
BRDA:47,3,0,0
BRDA:47,3,1,0
BRDA:66,4,0,0
BRDA:66,4,1,0
BRDA:70,5,0,0
BRDA:70,5,1,0
BRDA:80,6,0,0
BRDA:80,6,1,0
BRDA:99,7,0,0
BRDA:99,7,1,0
BRDA:106,8,0,0
BRDA:106,8,1,0
BRDA:108,9,0,0
BRDA:108,9,1,0
BRDA:114,10,0,0
BRDA:114,10,1,0
BRDA:147,11,0,0
BRDA:147,11,1,0
BRDA:167,12,0,0
BRDA:167,12,1,0
BRDA:187,13,0,0
BRDA:187,13,1,0
BRF:28
BRH:0
end_of_record
TN:
SF:src/app/opt-out/page.tsx
FN:9,OptOutContent
FN:20,(anonymous_1)
FN:26,(anonymous_2)
FN:46,(anonymous_3)
FN:127,(anonymous_4)
FN:175,(anonymous_5)
FN:207,OptOutPage
FNF:7
FNH:0
FNDA:0,OptOutContent
FNDA:0,(anonymous_1)
FNDA:0,(anonymous_2)
FNDA:0,(anonymous_3)
FNDA:0,(anonymous_4)
FNDA:0,(anonymous_5)
FNDA:0,OptOutPage
DA:10,0
DA:11,0
DA:13,0
DA:14,0
DA:15,0
DA:16,0
DA:17,0
DA:20,0
DA:21,0
DA:22,0
DA:23,0
DA:26,0
DA:27,0
DA:28,0
DA:29,0
DA:31,0
DA:32,0
DA:33,0
DA:34,0
DA:35,0
DA:39,0
DA:43,0
DA:46,0
DA:47,0
DA:48,0
DA:49,0
DA:52,0
DA:53,0
DA:55,0
DA:56,0
DA:64,0
DA:66,0
DA:67,0
DA:68,0
DA:70,0
DA:73,0
DA:74,0
DA:76,0
DA:80,0
DA:81,0
DA:99,0
DA:100,0
DA:127,0
DA:139,0
DA:175,0
DA:208,0
LF:46
LH:0
BRDA:21,0,0,0
BRDA:21,0,1,0
BRDA:31,1,0,0
BRDA:31,1,1,0
BRDA:33,2,0,0
BRDA:33,2,1,0
BRDA:47,3,0,0
BRDA:47,3,1,0
BRDA:66,4,0,0
BRDA:66,4,1,0
BRDA:70,5,0,0
BRDA:70,5,1,0
BRDA:80,6,0,0
BRDA:80,6,1,0
BRDA:99,7,0,0
BRDA:99,7,1,0
BRDA:106,8,0,0
BRDA:106,8,1,0
BRDA:108,9,0,0
BRDA:108,9,1,0
BRDA:114,10,0,0
BRDA:114,10,1,0
BRDA:147,11,0,0
BRDA:147,11,1,0
BRDA:167,12,0,0
BRDA:167,12,1,0
BRDA:187,13,0,0
BRDA:187,13,1,0
BRF:28
BRH:0
end_of_record
TN:
SF:src/app/pentru-statii/page.tsx
FN:36,PentruStatiiPage
FN:58,(anonymous_1)
FN:75,(anonymous_2)
FNF:3
FNH:0
FNDA:0,PentruStatiiPage
FNDA:0,(anonymous_1)
FNDA:0,(anonymous_2)
DA:6,0
DA:12,0
DA:18,0
DA:37,0
DA:59,0
DA:76,0
LF:6
LH:0
BRDA:79,0,0,0
BRDA:79,0,1,0
BRF:2
BRH:0
end_of_record
TN:
SF:src/app/programare/[slug]/page.tsx
FN:18,BookingPage
FNF:1
FNH:0
FNDA:0,BookingPage
DA:5,0
[...]
BRDA:255,22,0,0
BRDA:255,22,1,0
BRDA:265,23,0,0
BRDA:265,23,1,0
BRDA:265,23,2,0
BRDA:269,24,0,0
BRDA:269,24,1,0
BRDA:270,25,0,0
BRDA:270,25,1,0
BRDA:271,26,0,0
BRDA:271,26,1,0
BRDA:274,27,0,0
BRDA:274,27,1,0
BRDA:276,28,0,0
BRDA:276,28,1,0
BRDA:276,29,0,0
BRDA:276,29,1,0
BRDA:292,30,0,0
BRDA:292,30,1,0
BRDA:297,31,0,0
BRDA:297,31,1,0
BRDA:304,32,0,0
BRDA:304,32,1,0
BRDA:310,33,0,0
BRDA:310,33,1,0
BRDA:322,34,0,0
BRDA:322,34,1,0
BRDA:331,35,0,0
BRDA:331,35,1,0
BRDA:343,36,0,0
BRDA:343,36,1,0
BRDA:345,37,0,0
BRDA:345,37,1,0
BRDA:345,38,0,0
BRDA:345,38,1,0
BRDA:347,39,0,0
BRDA:347,39,1,0
BRDA:358,40,0,0
BRDA:358,40,1,0
BRDA:361,41,0,0
BRDA:361,41,1,0
BRDA:362,42,0,0
BRDA:362,42,1,0
BRDA:363,43,0,0
BRDA:363,43,1,0
BRDA:364,44,0,0
BRDA:364,44,1,0
BRDA:371,45,0,0
BRDA:371,45,1,0
BRDA:386,46,0,0
BRDA:386,46,1,0
BRDA:402,47,0,0
BRDA:402,47,1,0
BRDA:406,48,0,0
BRDA:406,48,1,0
BRDA:409,49,0,0
BRDA:409,49,1,0
BRDA:410,50,0,0
BRDA:410,50,1,0
BRDA:413,51,0,0
BRDA:413,51,1,0
BRDA:417,52,0,0
BRDA:417,52,1,0
BRDA:417,53,0,0
BRDA:417,53,1,0
BRDA:426,54,0,0
BRDA:426,54,1,0
BRDA:447,55,0,0
BRDA:447,55,1,0
BRDA:453,56,0,0
BRDA:453,56,1,0
BRDA:479,57,0,0
BRDA:479,57,1,0
BRDA:487,58,0,0
BRDA:487,58,1,0
BRDA:494,59,0,0
BRDA:494,59,1,0
BRDA:498,60,0,0
BRDA:498,60,1,0
BRDA:506,61,0,0
BRDA:506,61,1,0
BRDA:507,62,0,0
BRDA:507,62,1,0
BRDA:508,63,0,0
BRDA:508,63,1,0
BRDA:514,64,0,0
BRDA:514,64,1,0
BRDA:529,65,0,0
BRDA:529,65,1,0
BRDA:530,66,0,0
BRDA:530,66,1,0
BRDA:530,66,2,0
BRDA:547,67,0,0
BRDA:547,67,1,0
BRDA:555,68,0,0
BRDA:555,68,1,0
BRDA:562,69,0,0
BRDA:562,69,1,0
BRDA:578,70,0,0
BRDA:578,70,1,0
BRDA:584,71,0,0
BRDA:584,71,1,0
BRDA:585,72,0,0
BRDA:585,72,1,0
BRDA:591,73,0,0
BRDA:591,73,1,0
BRDA:591,74,0,0
BRDA:591,74,1,0
BRDA:591,74,2,0
BRDA:596,75,0,0
BRDA:596,75,1,0
BRDA:606,76,0,0
BRDA:606,76,1,0
BRDA:606,76,2,0
BRDA:609,77,0,0
BRDA:609,77,1,0
BRDA:649,78,0,0
BRDA:649,78,1,0
BRDA:654,79,0,0
BRDA:654,79,1,0
BRDA:656,80,0,0
BRDA:656,80,1,0
BRDA:656,81,0,0
BRDA:656,81,1,0
BRDA:677,82,0,0
BRDA:677,82,1,0
BRDA:678,83,0,0
BRDA:678,83,1,0
BRDA:679,84,0,0
BRDA:679,84,1,0
BRF:180
BRH:0
end_of_record
TN:
SF:src/lib/services/reminder-type.ts
FN:36,normaliseReminderType
FN:49,reminderTypeLabel
FN:54,reminderTypeForEmail
FNF:3
FNH:3
FNDA:46,normaliseReminderType
FNDA:23,reminderTypeLabel
FNDA:2,reminderTypeForEmail
DA:19,6
DA:24,6
DA:37,46
DA:43,46
DA:44,35
DA:45,22
DA:50,23
DA:55,2
LF:8
LH:8
BRDA:37,0,0,46
BRDA:37,0,1,9
BRDA:43,1,0,11
BRDA:43,1,1,35
BRDA:43,2,0,46
BRDA:43,2,1,36
BRDA:44,3,0,13
BRDA:44,3,1,22
BRDA:44,4,0,35
BRDA:44,4,1,22
BRF:10
BRH:10
end_of_record
TN:
SF:src/lib/services/review-link.ts
FN:28,(anonymous_0)
FN:33,(anonymous_1)
FN:41,(anonymous_2)
FN:47,(anonymous_3)
FN:65,checkReviewLink
FN:106,(anonymous_5)
FNF:6
FNH:6
FNDA:8,(anonymous_0)
FNDA:6,(anonymous_1)
FNDA:5,(anonymous_2)
FNDA:3,(anonymous_3)
FNDA:13,checkReviewLink
FNDA:22,(anonymous_5)
DA:25,1
DA:28,8
DA:34,6
DA:41,5
DA:48,3
DA:54,1
DA:66,13
DA:68,13
DA:69,1
DA:73,12
DA:74,12
DA:76,1
DA:82,11
DA:83,1
DA:86,10
DA:87,1
DA:97,9
DA:98,1
DA:106,22
DA:107,1
DA:117,7
DA:118,7
DA:119,7
DA:121,7
LF:24
LH:24
BRDA:28,0,0,8
BRDA:28,0,1,2
BRDA:34,1,0,6
BRDA:34,1,1,1
BRDA:34,1,2,1
BRDA:41,2,0,5
BRDA:41,2,1,2
BRDA:48,3,0,3
BRDA:48,3,1,2
BRDA:68,4,0,1
BRDA:68,4,1,12
BRDA:82,5,0,1
BRDA:82,5,1,10
BRDA:86,6,0,1
BRDA:86,6,1,9
BRDA:97,7,0,1
BRDA:97,7,1,8
BRDA:97,8,0,9
BRDA:97,8,1,3
BRDA:106,9,0,1
BRDA:106,9,1,7
BRF:21
BRH:21
end_of_record
TN:
SF:src/lib/services/review-processor.ts
FN:45,processReviewRequestsForToday
FN:95,(anonymous_1)
FNF:2
FNH:0
FNDA:0,processReviewRequestsForToday
FNDA:0,(anonymous_1)
DA:25,0
DA:35,0
DA:46,0
DA:48,0
DA:49,0
DA:52,0
DA:58,0
DA:67,0
DA:68,0
DA:71,0
DA:73,0
DA:74,0
DA:75,0
DA:76,0
DA:77,0
DA:79,0
DA:90,0
DA:91,0
DA:93,0
DA:95,0
DA:96,0
DA:97,0
DA:108,0
DA:109,0
DA:110,0
DA:113,0
DA:114,0
DA:115,0
DA:118,0
DA:124,0
DA:125,0
DA:128,0
DA:135,0
DA:136,0
DA:137,0
DA:148,0
DA:149,0
DA:150,0
DA:158,0
DA:159,0
DA:161,0
DA:170,0
DA:171,0
DA:172,0
DA:180,0
DA:193,0
DA:195,0
DA:196,0
DA:198,0
DA:204,0
DA:205,0
DA:210,0
DA:212,0
DA:218,0
DA:219,0
DA:233,0
DA:241,0
DA:250,0
DA:251,0
DA:255,0
LF:60
LH:0
BRDA:48,0,0,0
BRDA:48,0,1,0
BRDA:67,1,0,0
BRDA:67,1,1,0
BRDA:67,2,0,0
BRDA:67,2,1,0
BRDA:67,2,2,0
BRDA:74,3,0,0
BRDA:74,3,1,0
BRDA:90,4,0,0
BRDA:90,4,1,0
BRDA:93,5,0,0
BRDA:93,5,1,0
BRDA:100,6,0,0
BRDA:100,6,1,0
BRDA:108,7,0,0
BRDA:108,7,1,0
BRDA:113,8,0,0
BRDA:113,8,1,0
BRDA:118,9,0,0
BRDA:118,9,1,0
BRDA:119,10,0,0
BRDA:119,10,1,0
BRDA:135,11,0,0
BRDA:135,11,1,0
BRDA:148,12,0,0
BRDA:148,12,1,0
BRDA:170,13,0,0
BRDA:170,13,1,0
BRDA:193,14,0,0
BRDA:193,14,1,0
BRDA:193,15,0,0
BRDA:193,15,1,0
BRDA:195,16,0,0
BRDA:195,16,1,0
BRDA:204,17,0,0
BRDA:204,17,1,0
BRDA:215,18,0,0
BRDA:215,18,1,0
BRDA:225,19,0,0
BRDA:225,19,1,0
BRDA:244,20,0,0
BRDA:244,20,1,0
BRDA:245,21,0,0
BRDA:245,21,1,0
BRDA:246,22,0,0
BRDA:246,22,1,0
BRDA:246,23,0,0
BRDA:246,23,1,0
BRDA:250,24,0,0
BRDA:250,24,1,0
BRF:51
BRH:0
end_of_record
TN:
SF:src/lib/services/service-visits.ts
FN:16,recordServiceVisit
FN:57,linkVisitToReminder
FN:100,findLostClients
FN:118,(anonymous_3)
FN:135,(anonymous_4)
FNF:5
FNH:0
FNDA:0,recordServiceVisit
FNDA:0,linkVisitToReminder
FNDA:0,findLostClients
FNDA:0,(anonymous_3)
FNDA:0,(anonymous_4)
DA:24,0
DA:25,0
DA:33,0
DA:39,0
DA:43,0
DA:44,0
DA:46,0
DA:49,0
DA:51,0
DA:52,0
DA:62,0
DA:64,0
DA:69,0
DA:107,0
DA:110,0
DA:112,0
DA:113,0
DA:114,0
DA:115,0
DA:116,0
DA:118,0
DA:120,0
DA:129,0
DA:130,0
DA:131,0
DA:135,0
DA:136,0
DA:143,0
DA:144,0
DA:145,0
DA:146,0
DA:147,0
DA:151,0
DA:153,0
DA:154,0
DA:158,0
DA:160,0
DA:173,0
LF:38
LH:0
BRDA:39,0,0,0
BRDA:39,0,1,0
BRDA:43,1,0,0
BRDA:43,1,1,0
BRDA:49,2,0,0
BRDA:49,2,1,0
BRDA:62,3,0,0
BRDA:62,3,1,0
BRDA:69,4,0,0
BRDA:69,4,1,0
BRDA:103,5,0,0
BRDA:107,6,0,0
BRDA:107,6,1,0
BRDA:110,7,0,0
BRDA:110,7,1,0
BRDA:129,8,0,0
BRDA:129,8,1,0
BRDA:129,9,0,0
BRDA:129,9,1,0
BRDA:129,9,2,0
BRDA:130,10,0,0
BRDA:130,10,1,0
BRDA:144,11,0,0
BRDA:144,11,1,0
BRDA:146,12,0,0
BRDA:146,12,1,0
BRDA:146,13,0,0
BRDA:146,13,1,0
BRDA:158,14,0,0
BRDA:158,14,1,0
BRDA:158,15,0,0
BRDA:158,15,1,0
BRDA:168,16,0,0
BRDA:168,16,1,0
BRDA:169,17,0,0
BRDA:169,17,1,0
BRF:36
BRH:0
end_of_record
TN:
SF:src/lib/services/sms-encoding.ts
FN:59,findNonGsm7
FN:69,detectEncoding
FN:80,segmentSms
FN:119,valueNormalizerFor
FN:120,(anonymous_4)
FN:130,toGsm7
FN:152,(anonymous_6)
FNF:7
FNH:7
FNDA:190,findNonGsm7
FNDA:82,detectEncoding
FNDA:86,segmentSms
FNDA:76,valueNormalizerFor
FNDA:39,(anonymous_4)
FNDA:398,toGsm7
FNDA:20,(anonymous_6)
DA:17,11
DA:23,11
DA:29,11
DA:60,190
DA:61,190
DA:62,27140
DA:63,26
DA:66,190
DA:70,82
DA:81,86
DA:82,86
DA:88,86
DA:90,79
DA:91,79
DA:92,16351
DA:94,79
DA:95,79
DA:97,7
DA:98,7
DA:99,7
DA:102,86
DA:103,86
DA:105,86
DA:120,76
DA:131,398
DA:133,398
DA:134,4164
DA:135,4140
DA:136,4140
DA:139,24
DA:140,24
DA:141,3
DA:142,3
DA:149,21
DA:150,21
DA:152,20
DA:153,20
DA:154,20
DA:155,20
DA:161,1
DA:164,398
LF:41
LH:41
BRDA:62,0,0,26
BRDA:62,0,1,27114
BRDA:62,1,0,27140
BRDA:62,1,1,1703
BRDA:62,1,2,598
BRDA:70,2,0,11
BRDA:70,2,1,71
BRDA:82,3,0,7
BRDA:82,3,1,79
BRDA:88,4,0,79
BRDA:88,4,1,7
BRDA:92,5,0,181
BRDA:92,5,1,16170
BRDA:102,6,0,57
BRDA:102,6,1,29
BRDA:103,7,0,57
BRDA:103,7,1,29
BRDA:120,8,0,69
BRDA:120,8,1,39
BRDA:134,9,0,4140
BRDA:134,9,1,24
BRDA:134,10,0,4164
BRDA:134,10,1,24
BRDA:140,11,0,3
BRDA:140,11,1,21
BRDA:150,12,0,20
BRDA:150,12,1,1
BRDA:150,13,0,21
BRDA:150,13,1,20
BRDA:152,14,0,20
BRDA:152,14,1,0
BRDA:153,15,0,20
BRDA:153,15,1,0
BRF:33
BRH:31
end_of_record
TN:
SF:src/lib/services/station-credits.ts
FN:41,getStationCreditConfig
FN:64,getStationSendKey
FN:94,resetStationKeyCache
FN:120,provisionStationNotifyHubKey
FN:189,(anonymous_4)
FN:235,getStationBalance
FN:308,topupStation
FN:353,(anonymous_7)
FNF:8
FNH:0
FNDA:0,getStationCreditConfig
FNDA:0,getStationSendKey
FNDA:0,resetStationKeyCache
FNDA:0,provisionStationNotifyHubKey
FNDA:0,(anonymous_4)
FNDA:0,getStationBalance
FNDA:0,topupStation
FNDA:0,(anonymous_7)
DA:16,3
DA:39,3
DA:44,0
DA:52,0
DA:53,0
DA:54,0
DA:57,0
DA:69,0
DA:70,0
DA:72,0
DA:73,0
DA:76,0
DA:80,0
DA:81,0
DA:85,0
DA:86,0
DA:89,0
DA:90,0
DA:95,0
DA:145,0
DA:150,0
DA:151,0
DA:154,0
DA:157,0
DA:160,0
DA:161,0
DA:163,0
DA:164,0
DA:174,0
DA:175,0
DA:188,0
DA:189,0
DA:190,0
DA:197,0
DA:199,0
DA:208,0
DA:213,0
DA:214,0
DA:215,0
DA:218,0
DA:230,0
DA:232,0
DA:236,0
DA:237,0
DA:240,0
DA:241,0
DA:242,0
DA:245,0
DA:251,0
DA:252,0
DA:255,0
DA:256,0
DA:262,0
DA:263,0
DA:266,0
DA:267,0
DA:270,0
DA:271,0
DA:273,0
DA:286,0
DA:290,0
DA:323,0
DA:324,0
DA:326,0
DA:327,0
DA:330,0
DA:331,0
DA:349,0
DA:350,0
DA:353,0
DA:354,0
DA:356,0
LF:72
LH:2
BRDA:16,0,0,3
BRDA:16,0,1,0
BRDA:52,1,0,0
BRDA:52,1,1,0
BRDA:57,2,0,0
BRDA:57,2,1,0
BRDA:69,3,0,0
BRDA:69,3,1,0
BRDA:70,4,0,0
BRDA:70,4,1,0
BRDA:70,5,0,0
BRDA:70,5,1,0
BRDA:72,6,0,0
BRDA:72,6,1,0
BRDA:73,7,0,0
BRDA:73,7,1,0
BRDA:80,8,0,0
BRDA:80,8,1,0
BRDA:80,9,0,0
BRDA:80,9,1,0
BRDA:138,10,0,0
BRDA:150,11,0,0
BRDA:150,11,1,0
BRDA:150,12,0,0
BRDA:150,12,1,0
BRDA:154,13,0,0
BRDA:154,13,1,0
BRDA:163,14,0,0
BRDA:163,14,1,0
BRDA:163,15,0,0
BRDA:163,15,1,0
BRDA:182,16,0,0
BRDA:182,16,1,0
BRDA:183,17,0,0
BRDA:183,17,1,0
BRDA:188,18,0,0
BRDA:188,18,1,0
BRDA:202,19,0,0
BRDA:202,19,1,0
BRDA:213,20,0,0
BRDA:213,20,1,0
BRDA:213,21,0,0
BRDA:213,21,1,0
BRDA:236,22,0,0
BRDA:236,22,1,0
BRDA:241,23,0,0
BRDA:241,23,1,0
BRDA:251,24,0,0
BRDA:251,24,1,0
BRDA:262,25,0,0
BRDA:262,25,1,0
BRDA:266,26,0,0
BRDA:266,26,1,0
BRDA:271,27,0,0
BRDA:271,27,1,0
BRDA:281,28,0,0
BRDA:281,28,1,0
BRDA:281,29,0,0
BRDA:281,29,1,0
BRDA:282,30,0,0
BRDA:282,30,1,0
BRDA:283,31,0,0
BRDA:283,31,1,0
BRDA:288,32,0,0
BRDA:288,32,1,0
BRDA:326,33,0,0
BRDA:326,33,1,0
BRDA:326,34,0,0
BRDA:326,34,1,0
BRDA:344,35,0,0
BRDA:344,35,1,0
BRDA:349,36,0,0
BRDA:349,36,1,0
BRDA:354,37,0,0
BRDA:354,37,1,0
BRDA:358,38,0,0
BRDA:358,38,1,0
BRF:77
BRH:1
end_of_record
TN:
SF:src/lib/services/turnstile.ts
FN:31,isTurnstileConfigured
FN:35,verifyTurnstile
FNF:2
FNH:0
FNDA:0,isTurnstileConfigured
FNDA:0,verifyTurnstile
DA:20,0
DA:21,0
DA:32,0
DA:39,0
DA:40,0
DA:42,0
DA:45,0
DA:46,0
DA:48,0
DA:51,0
DA:52,0
DA:53,0
DA:56,0
DA:57,0
DA:58,0
DA:60,0
DA:67,0
DA:72,0
DA:73,0
DA:76,0
DA:80,0
DA:84,0
DA:87,0
LF:23
LH:0
BRDA:42,0,0,0
BRDA:42,0,1,0
BRDA:45,1,0,0
BRDA:45,1,1,0
BRDA:51,2,0,0
BRDA:51,2,1,0
BRDA:58,3,0,0
BRDA:58,3,1,0
BRDA:58,4,0,0
BRDA:58,4,1,0
BRDA:72,5,0,0
BRDA:72,5,1,0
BRDA:85,6,0,0
BRDA:85,6,1,0
BRF:14
BRH:0
end_of_record
TN:
SF:src/lib/services/booking/slots.ts
FN:42,parseWorkingHours
FN:50,(anonymous_1)
FN:66,(anonymous_2)
FN:71,(anonymous_3)
FN:72,(anonymous_4)
FN:75,isoWeekday
FN:81,addDays
FN:91,generateSlots
FNF:8
FNH:8
FNDA:25,parseWorkingHours
FNDA:29,(anonymous_1)
FNDA:16,(anonymous_2)
FNDA:96,(anonymous_3)
FNDA:48,(anonymous_4)
FNDA:11,isoWeekday
FNDA:49,addDays
FNDA:10,generateSlots
DA:39,2
DA:43,25
DA:44,25
DA:46,21
DA:47,51
DA:49,50
DA:51,29
DA:60,50
DA:63,21
DA:66,2
DA:67,16
DA:68,16
DA:71,96
DA:72,48
DA:76,11
DA:77,11
DA:78,11
DA:82,49
DA:83,49
DA:98,10
DA:99,10
DA:101,10
DA:102,10
DA:105,10
DA:106,10
DA:108,10
DA:110,10
DA:111,39
DA:112,39
DA:114,11
DA:115,39
DA:117,39
DA:118,8
DA:120,8
DA:121,8
DA:129,26
DA:130,26
DA:132,23
DA:133,23
DA:134,26
DA:136,22
DA:142,11
DA:145,10
LF:43
LH:43
BRDA:44,0,0,4
BRDA:44,0,1,21
BRDA:44,1,0,25
BRDA:44,1,1,23
BRDA:47,2,0,1
BRDA:47,2,1,50
BRDA:47,3,0,51
BRDA:47,3,1,50
BRDA:51,4,0,29
BRDA:51,4,1,29
BRDA:51,4,2,29
BRDA:51,4,3,29
BRDA:51,4,4,29
BRDA:51,4,5,27
BRDA:51,4,6,27
BRDA:60,5,0,24
BRDA:60,5,1,26
BRDA:78,6,0,1
BRDA:78,6,1,10
BRDA:99,7,0,10
BRDA:99,7,1,0
BRDA:102,8,0,10
BRDA:102,8,1,0
BRDA:112,9,0,28
BRDA:112,9,1,11
BRDA:112,10,0,39
BRDA:112,10,1,12
BRDA:114,11,0,11
BRDA:114,11,1,3
BRDA:130,12,0,3
BRDA:130,12,1,23
BRDA:133,13,0,23
BRDA:133,13,1,21
BRDA:134,14,0,1
BRDA:134,14,1,25
BRDA:142,15,0,8
BRDA:142,15,1,3
BRF:37
BRH:35
end_of_record
TN:
SF:src/lib/services/import/map-rows.ts
FN:82,findColumn
FN:92,(anonymous_1)
FN:104,parseDate
FN:130,parseType
FN:137,mapRows
FN:168,(anonymous_5)
FNF:6
FNH:6
FNDA:75,findColumn
FNDA:344,(anonymous_1)
FNDA:25,parseDate
FNDA:13,parseType
FNDA:15,mapRows
FNDA:18,(anonymous_5)
DA:49,1
DA:83,75
DA:85,75
DA:86,239
DA:87,239
DA:91,19
DA:92,344
DA:93,112
DA:96,19
DA:105,25
DA:106,25
DA:109,24
DA:110,24
DA:113,22
DA:114,22
DA:115,18
DA:116,18
DA:120,4
DA:121,4
DA:123,1
DA:124,1
DA:127,3
DA:131,13
DA:132,13
DA:133,11
DA:134,10
DA:138,15
DA:139,15
DA:140,75
DA:141,75
DA:144,15
DA:148,15
DA:149,1
DA:154,1
DA:166,14
DA:168,14
DA:169,18
DA:171,18
DA:172,18
DA:173,18
DA:175,18
DA:176,0
DA:177,0
DA:180,18
DA:181,18
DA:182,2
DA:189,2
DA:192,16
DA:193,0
DA:194,0
DA:199,16
DA:200,16
DA:201,2
DA:202,2
DA:205,14
DA:206,14
DA:207,1
DA:212,1
DA:215,13
DA:227,14
LF:60
LH:56
BRDA:87,0,0,56
BRDA:87,0,1,183
BRDA:93,1,0,0
BRDA:93,1,1,112
BRDA:106,2,0,1
BRDA:106,2,1,24
BRDA:110,3,0,2
BRDA:110,3,1,22
BRDA:114,4,0,18
BRDA:114,4,1,4
BRDA:121,5,0,1
BRDA:121,5,1,3
BRDA:121,6,0,4
BRDA:121,6,1,1
BRDA:121,6,2,1
BRDA:131,7,0,13
BRDA:131,7,1,7
BRDA:132,8,0,2
BRDA:132,8,1,11
BRDA:132,9,0,13
BRDA:132,9,1,11
BRDA:133,10,0,1
BRDA:133,10,1,10
BRDA:133,11,0,11
BRDA:133,11,1,10
BRDA:141,12,0,56
BRDA:141,12,1,19
BRDA:148,13,0,1
BRDA:148,13,1,14
BRDA:148,14,0,15
BRDA:148,14,1,14
BRDA:150,15,0,1
BRDA:150,15,1,0
BRDA:151,16,0,1
BRDA:151,16,1,0
BRDA:171,17,0,18
BRDA:171,17,1,0
BRDA:172,18,0,18
BRDA:172,18,1,0
BRDA:172,19,0,18
BRDA:172,19,1,0
BRDA:173,20,0,18
BRDA:173,20,1,0
BRDA:175,21,0,0
BRDA:175,21,1,18
BRDA:181,22,0,2
BRDA:181,22,1,16
BRDA:184,23,0,1
BRDA:184,23,1,1
BRDA:184,24,0,2
BRDA:184,24,1,1
BRDA:192,25,0,0
BRDA:192,25,1,16
BRDA:200,26,0,2
BRDA:200,26,1,14
BRDA:206,27,0,1
BRDA:206,27,1,13
BRDA:219,28,0,6
BRDA:219,28,1,7
BRDA:219,29,0,6
BRDA:219,29,1,0
BRDA:223,30,0,6
BRDA:223,30,1,7
BRF:63
BRH:53
end_of_record
TN:
SF:src/lib/services/import/parse-file.ts
FN:39,normaliseHeader
FN:47,cellToString
FN:57,(anonymous_2)
FN:66,parseXlsx
FN:77,(anonymous_4)
FN:89,(anonymous_5)
FN:95,(anonymous_6)
FN:110,parseCsv
FN:130,(anonymous_8)
FN:141,parseImportFile
FNF:10
FNH:9
FNDA:341,normaliseHeader
FNDA:30,cellToString
FNDA:0,(anonymous_2)
FNDA:5,parseXlsx
FNDA:13,(anonymous_4)
FNDA:9,(anonymous_5)
FNDA:17,(anonymous_6)
FNDA:5,parseCsv
FNDA:4,(anonymous_8)
FNDA:12,parseImportFile
DA:40,341
DA:48,30
DA:52,30
DA:55,29
DA:56,0
DA:57,0
DA:58,0
DA:59,0
DA:60,0
DA:63,29
DA:67,5
DA:68,5
DA:70,5
DA:71,5
DA:73,5
DA:74,5
DA:75,5
DA:77,5
DA:78,13
DA:79,13
DA:80,13
DA:83,5
DA:84,1
DA:87,4
DA:89,4
DA:90,9
DA:92,5
DA:93,5
DA:95,5
DA:96,17
DA:97,17
DA:98,17
DA:99,17
DA:100,17
DA:104,5
DA:107,4
DA:111,5
DA:122,5
DA:123,1
DA:124,1
DA:129,4
DA:130,5
DA:131,4
DA:132,4
DA:133,16
DA:135,4
DA:138,5
DA:142,12
DA:144,12
DA:145,5
DA:148,7
DA:150,5
DA:153,2
DA:154,1
DA:159,1
LF:55
LH:50
BRDA:48,0,0,0
BRDA:48,0,1,30
BRDA:48,1,0,30
BRDA:48,1,1,30
BRDA:52,2,0,1
BRDA:52,2,1,29
BRDA:55,3,0,0
BRDA:55,3,1,29
BRDA:57,4,0,0
BRDA:57,4,1,0
BRDA:58,5,0,0
BRDA:58,5,1,0
BRDA:59,6,0,0
BRDA:59,6,1,0
BRDA:71,7,0,0
BRDA:71,7,1,5
BRDA:83,8,0,1
BRDA:83,8,1,4
BRDA:90,9,0,4
BRDA:90,9,1,5
BRDA:97,10,0,0
BRDA:97,10,1,17
BRDA:100,11,0,17
BRDA:100,11,1,0
BRDA:104,12,0,5
BRDA:104,12,1,0
BRDA:122,13,0,1
BRDA:122,13,1,4
BRDA:125,14,0,1
BRDA:125,14,1,0
BRDA:129,15,0,4
BRDA:129,15,1,0
BRDA:133,16,0,16
BRDA:133,16,1,0
BRDA:133,17,0,16
BRDA:133,17,1,0
BRDA:133,18,0,0
BRDA:133,18,1,0
BRDA:144,19,0,5
BRDA:144,19,1,7
BRDA:144,20,0,12
BRDA:144,20,1,7
BRDA:148,21,0,5
BRDA:148,21,1,2
BRDA:148,22,0,7
BRDA:148,22,1,2
BRDA:153,23,0,1
BRDA:153,23,1,1
BRF:48
BRH:30
end_of_record
TN:
SF:src/lib/services/import/run-import.ts
FN:48,runImport
FN:65,(anonymous_1)
FN:73,(anonymous_2)
FN:78,(anonymous_3)
FNF:4
FNH:0
FNDA:0,runImport
FNDA:0,(anonymous_1)
FNDA:0,(anonymous_2)
FNDA:0,(anonymous_3)
DA:23,0
DA:26,0
DA:56,0
DA:63,0
DA:65,0
DA:72,0
DA:73,0
DA:75,0
DA:76,0
DA:78,0
DA:79,0
DA:81,0
DA:82,0
DA:83,0
DA:86,0
DA:88,0
DA:110,0
DA:114,0
DA:116,0
DA:117,0
DA:118,0
DA:120,0
DA:124,0
DA:125,0
DA:132,0
DA:135,0
DA:138,0
LF:27
LH:0
BRDA:63,0,0,0
BRDA:63,0,1,0
BRDA:81,1,0,0
BRDA:81,1,1,0
BRDA:86,2,0,0
BRDA:86,2,1,0
BRDA:110,3,0,0
BRDA:110,3,1,0
BRDA:120,4,0,0
BRDA:120,4,1,0
BRDA:126,5,0,0
BRDA:126,5,1,0
BRDA:128,6,0,0
BRDA:128,6,1,0
BRDA:135,7,0,0
BRDA:135,7,1,0
BRF:16
BRH:0
end_of_record
TN:
SF:src/lib/stations/me.ts
FN:50,resolveMyStationAccess
FN:121,resolveMyStation
FN:131,requirePatron
FNF:3
FNH:0
FNDA:0,resolveMyStationAccess
FNDA:0,resolveMyStation
FNDA:0,requirePatron
DA:44,0
DA:53,0
DA:57,0
DA:59,0
DA:60,0
DA:64,0
DA:69,0
DA:71,0
DA:73,0
DA:74,0
DA:75,0
DA:78,0
DA:79,0
DA:85,0
DA:91,0
DA:93,0
DA:94,0
DA:96,0
DA:97,0
DA:104,0
DA:110,0
DA:111,0
DA:114,0
DA:122,0
DA:123,0
DA:132,0
DA:134,0
DA:135,0
DA:142,0
LF:29
LH:0
BRDA:59,0,0,0
BRDA:59,0,1,0
BRDA:69,1,0,0
BRDA:69,1,1,0
BRDA:73,2,0,0
BRDA:73,2,1,0
BRDA:78,3,0,0
BRDA:78,3,1,0
BRDA:91,4,0,0
BRDA:91,4,1,0
BRDA:96,5,0,0
BRDA:96,5,1,0
BRDA:110,6,0,0
BRDA:110,6,1,0
BRDA:116,7,0,0
BRDA:116,7,1,0
BRDA:134,8,0,0
BRDA:134,8,1,0
BRF:18
BRH:0
end_of_record
TN:
SF:src/lib/supabase/admin.ts
FN:11,createAdminClient
FNF:1
FNH:0
FNDA:0,createAdminClient
DA:12,0
DA:13,0
DA:15,0
DA:16,0
DA:21,0
LF:5
LH:0
BRDA:15,0,0,0
BRDA:15,0,1,0
BRDA:15,1,0,0
BRDA:15,1,1,0
BRF:4
BRH:0
end_of_record
TN:
SF:src/lib/supabase/client.ts
FN:8,createBrowserClient
FNF:1
FNH:0
FNDA:0,createBrowserClient
DA:9,0
LF:1
LH:0
BRF:0
BRH:0
end_of_record
TN:
SF:src/lib/supabase/database.types.ts
FNF:0
FNH:0
DA:874,0
LF:1
LH:0
BRF:0
BRH:0
end_of_record
TN:
SF:src/lib/supabase/index.ts
FNF:0
FNH:0
LF:0
LH:0
BRF:0
BRH:0
end_of_record
TN:
SF:src/lib/supabase/middleware.ts
FN:9,createMiddlewareClient
FN:21,(anonymous_1)
FN:24,(anonymous_2)
FN:41,(anonymous_3)
FNF:4
FNH:0
FNDA:0,createMiddlewareClient
FNDA:0,(anonymous_1)
FNDA:0,(anonymous_2)
FNDA:0,(anonymous_3)
DA:10,0
DA:16,0
DA:22,0
DA:25,0
DA:30,0
DA:35,0
DA:42,0
DA:47,0
DA:52,0
DA:62,0
LF:10
LH:0
BRF:0
BRH:0
end_of_record
TN:
SF:src/lib/supabase/server.ts
FN:9,createServerClient
FN:17,(anonymous_1)
FN:20,(anonymous_2)
FN:29,(anonymous_3)
FNF:4
FNH:0
FNDA:0,createServerClient
FNDA:0,(anonymous_1)
FNDA:0,(anonymous_2)
FNDA:0,(anonymous_3)
DA:10,0
DA:12,0
DA:18,0
DA:21,0
DA:22,0
DA:30,0
DA:31,0
LF:7
LH:0
BRF:0
BRH:0
end_of_record
TN:
SF:src/lib/supabase/service.ts
FN:16,createServiceClient
FNF:1
FNH:0
FNDA:0,createServiceClient
DA:17,0
DA:18,0
DA:20,0
DA:21,0
DA:25,0
LF:5
LH:0
BRDA:20,0,0,0
BRDA:20,0,1,0
BRDA:20,1,0,0
BRDA:20,1,1,0
BRF:4
BRH:0
end_of_record
TN:
SF:src/lib/supabase/types.ts
FNF:0
FNH:0
LF:0
LH:0
BRF:0
BRH:0
end_of_record
TN:
SF:src/lib/utils/opt-out.ts
FN:16,encodePhoneToToken
FN:36,decodeOptOutToken
FN:71,generateOptOutLink
FN:88,generateShortOptOutLink
FNF:4
FNH:0
FNDA:0,encodePhoneToToken
FNDA:0,decodeOptOutToken
FNDA:0,generateOptOutLink
FNDA:0,generateShortOptOutLink
DA:18,0
DA:20,0
DA:21,0
DA:26,0
DA:27,0
DA:37,0
DA:39,0
DA:41,0
DA:42,0
DA:46,0
DA:49,0
DA:50,0
DA:54,0
DA:56,0
DA:57,0
DA:75,0
DA:78,0
DA:81,0
DA:91,0
LF:19
LH:0
BRDA:20,0,0,0
BRDA:20,0,1,0
BRDA:41,1,0,0
BRDA:41,1,1,0
BRDA:49,2,0,0
BRDA:49,2,1,0
BRDA:49,3,0,0
BRDA:49,3,1,0
BRF:8
BRH:0
end_of_record
TN:
SF:src/lib/validation/index.ts
FN:28,normalizeRoPhone
FN:48,(anonymous_1)
FN:51,(anonymous_2)
FN:82,(anonymous_3)
FN:129,(anonymous_4)
FN:133,(anonymous_5)
FNF:6
FNH:6
FNDA:35,normalizeRoPhone
FNDA:62,(anonymous_1)
FNDA:62,(anonymous_2)
FNDA:14,(anonymous_3)
FNDA:12,(anonymous_4)
FNDA:3,(anonymous_5)
DA:18,4
DA:29,35
DA:30,35
DA:32,35
DA:33,35
DA:34,1
DA:36,1
DA:39,4
DA:44,4
DA:48,62
DA:51,62
DA:56,4
DA:59,4
DA:65,4
DA:76,4
DA:78,4
DA:82,14
DA:120,4
DA:123,4
DA:129,12
DA:133,3
DA:138,4
DA:146,4
DA:171,4
LF:24
LH:24
BRDA:30,0,0,0
BRDA:30,0,1,35
BRDA:32,1,0,0
BRDA:32,1,1,35
BRDA:32,2,0,35
BRDA:32,2,1,0
BRDA:33,3,0,34
BRDA:33,3,1,1
BRDA:33,4,0,35
BRDA:33,4,1,34
BRDA:34,5,0,0
BRDA:34,5,1,1
BRF:12
BRH:8
end_of_record
TN:
SF:src/providers/query-provider.tsx
FN:7,QueryProvider
FNF:1
FNH:0
FNDA:0,QueryProvider
DA:8,0
LF:1
LH:0
BRDA:11,0,0,0
BRDA:11,0,1,0
BRF:2
BRH:0
end_of_record
TN:
SF:src/styles/design-tokens.ts
FNF:0
FNH:0
DA:20,0
DA:88,0
DA:148,0
DA:174,0
DA:192,0
DA:209,0
DA:223,0
DA:239,0
DA:256,0
DA:270,0
DA:284,0
DA:300,0
DA:315,0
DA:328,0
LF:14
LH:0
BRF:0
BRH:0
end_of_record
